desc: --massif-out-file=/app/target/massif_slow.out
cmd: ./target/release/demo
time_unit: i
#-----------
snapshot=0
#-----------
time=0
mem_heap_B=0
mem_heap_extra_B=0
mem_stacks_B=0
heap_tree=empty
#-----------
snapshot=1
#-----------
time=208230
mem_heap_B=472
mem_heap_extra_B=16
mem_stacks_B=0
heap_tree=empty
#-----------
snapshot=2
#-----------
time=208759
mem_heap_B=592
mem_heap_extra_B=32
mem_stacks_B=0
heap_tree=empty
#-----------
snapshot=3
#-----------
time=208911
mem_heap_B=1616
mem_heap_extra_B=40
mem_stacks_B=0
heap_tree=empty
#-----------
snapshot=4
#-----------
time=217225
mem_heap_B=1736
mem_heap_extra_B=32
mem_stacks_B=0
heap_tree=empty
#-----------
snapshot=5
#-----------
time=313105
mem_heap_B=1736
mem_heap_extra_B=32
mem_stacks_B=0
heap_tree=detailed
n4: 1736 (heap allocation functions) malloc/new/new[], --alloc-fns, etc.
 n1: 1024 0x4901DB2: _IO_file_doallocate (filedoalloc.c:101)
  n1: 1024 0x4910B48: _IO_doallocbuf (genops.c:373)
   n1: 1024 0x4910B48: _IO_doallocbuf (genops.c:368)
    n1: 1024 0x490E945: _IO_file_underflow@@GLIBC_2.2.5 (fileops.c:487)
     n1: 1024 0x490376F: getdelim (iogetdelim.c:77)
      n1: 1024 0x49181C2: pthread_getattr_np@@GLIBC_2.32 (pthread_getattr_np.c:122)
       n1: 1024 0x12E1DD: get_stack_start (stack_overflow.rs:372)
        n1: 1024 0x12E1DD: stack_start_aligned (stack_overflow.rs:389)
         n1: 1024 0x12E1DD: install_main_guard_linux (stack_overflow.rs:442)
          n1: 1024 0x12E1DD: install_main_guard (stack_overflow.rs:413)
           n1: 1024 0x12E1DD: init (stack_overflow.rs:155)
            n1: 1024 0x12E1DD: init (mod.rs:41)
             n1: 1024 0x12E1DD: init (rt.rs:118)
              n1: 1024 0x12E1DD: {closure#0} (rt.rs:173)
               n1: 1024 0x12E1DD: do_call<std::rt::lang_start_internal::{closure_env#0}, isize> (panicking.rs:581)
                n1: 1024 0x12E1DD: catch_unwind<isize, std::rt::lang_start_internal::{closure_env#0}> (panicking.rs:544)
                 n1: 1024 0x12E1DD: catch_unwind<std::rt::lang_start_internal::{closure_env#0}, isize> (panic.rs:359)
                  n1: 1024 0x12E1DD: std::rt::lang_start_internal (rt.rs:171)
                   n0: 1024 0x12081B: main (in /app/target/release/demo)
 n1: 472 0x49028AA: __fopen_internal (iofopen.c:65)
  n1: 472 0x4918092: pthread_getattr_np@@GLIBC_2.32 (pthread_getattr_np.c:85)
   n1: 472 0x12E1DD: get_stack_start (stack_overflow.rs:372)
    n1: 472 0x12E1DD: stack_start_aligned (stack_overflow.rs:389)
     n1: 472 0x12E1DD: install_main_guard_linux (stack_overflow.rs:442)
      n1: 472 0x12E1DD: install_main_guard (stack_overflow.rs:413)
       n1: 472 0x12E1DD: init (stack_overflow.rs:155)
        n1: 472 0x12E1DD: init (mod.rs:41)
         n1: 472 0x12E1DD: init (rt.rs:118)
          n1: 472 0x12E1DD: {closure#0} (rt.rs:173)
           n1: 472 0x12E1DD: do_call<std::rt::lang_start_internal::{closure_env#0}, isize> (panicking.rs:581)
            n1: 472 0x12E1DD: catch_unwind<isize, std::rt::lang_start_internal::{closure_env#0}> (panicking.rs:544)
             n1: 472 0x12E1DD: catch_unwind<std::rt::lang_start_internal::{closure_env#0}, isize> (panic.rs:359)
              n1: 472 0x12E1DD: std::rt::lang_start_internal (rt.rs:171)
               n0: 472 0x12081B: main (in /app/target/release/demo)
 n1: 240 0x49035AE: getdelim (iogetdelim.c:107)
  n1: 240 0x49181C2: pthread_getattr_np@@GLIBC_2.32 (pthread_getattr_np.c:122)
   n1: 240 0x12E1DD: get_stack_start (stack_overflow.rs:372)
    n1: 240 0x12E1DD: stack_start_aligned (stack_overflow.rs:389)
     n1: 240 0x12E1DD: install_main_guard_linux (stack_overflow.rs:442)
      n1: 240 0x12E1DD: install_main_guard (stack_overflow.rs:413)
       n1: 240 0x12E1DD: init (stack_overflow.rs:155)
        n1: 240 0x12E1DD: init (mod.rs:41)
         n1: 240 0x12E1DD: init (rt.rs:118)
          n1: 240 0x12E1DD: {closure#0} (rt.rs:173)
           n1: 240 0x12E1DD: do_call<std::rt::lang_start_internal::{closure_env#0}, isize> (panicking.rs:581)
            n1: 240 0x12E1DD: catch_unwind<isize, std::rt::lang_start_internal::{closure_env#0}> (panicking.rs:544)
             n1: 240 0x12E1DD: catch_unwind<std::rt::lang_start_internal::{closure_env#0}, isize> (panic.rs:359)
              n1: 240 0x12E1DD: std::rt::lang_start_internal (rt.rs:171)
               n0: 240 0x12081B: main (in /app/target/release/demo)
 n0: 0 in 1 place, below massif's threshold (1.00%)
#-----------
snapshot=6
#-----------
time=313105
mem_heap_B=1496
mem_heap_extra_B=24
mem_stacks_B=0
heap_tree=empty
#-----------
snapshot=7
#-----------
time=313303
mem_heap_B=472
mem_heap_extra_B=16
mem_stacks_B=0
heap_tree=empty
#-----------
snapshot=8
#-----------
time=313431
mem_heap_B=0
mem_heap_extra_B=0
mem_stacks_B=0
heap_tree=empty
#-----------
snapshot=9
#-----------
time=313480
mem_heap_B=32
mem_heap_extra_B=8
mem_stacks_B=0
heap_tree=empty
#-----------
snapshot=10
#-----------
time=313604
mem_heap_B=184
mem_heap_extra_B=24
mem_stacks_B=0
heap_tree=empty
#-----------
snapshot=11
#-----------
time=313656
mem_heap_B=216
mem_heap_extra_B=32
mem_stacks_B=0
heap_tree=empty
#-----------
snapshot=12
#-----------
time=313719
mem_heap_B=184
mem_heap_extra_B=24
mem_stacks_B=0
heap_tree=empty
#-----------
snapshot=13
#-----------
time=313796
mem_heap_B=152
mem_heap_extra_B=16
mem_stacks_B=0
heap_tree=empty
#-----------
snapshot=14
#-----------
time=313825
mem_heap_B=0
mem_heap_extra_B=0
mem_stacks_B=0
heap_tree=empty
#-----------
snapshot=15
#-----------
time=314249
mem_heap_B=4
mem_heap_extra_B=20
mem_stacks_B=0
heap_tree=detailed
n8: 4 (heap allocation functions) malloc/new/new[], --alloc-fns, etc.
 n1: 4 0x12F917: alloc (alloc.rs:95)
  n1: 4 0x12F917: alloc_impl_runtime (alloc.rs:190)
   n1: 4 0x12F917: alloc_impl (alloc.rs:312)
    n1: 4 0x12F917: allocate (alloc.rs:429)
     n1: 4 0x12F917: try_clone_from_ref_in<str, alloc::alloc::Global> (boxed.rs:840)
      n1: 4 0x12F917: clone_from_ref_in<str, alloc::alloc::Global> (boxed.rs:799)
       n1: 4 0x12F917: clone_from_ref<str> (boxed.rs:752)
        n1: 4 0x12F917: from (convert.rs:138)
         n1: 4 0x12F917: call_once<fn(&str) -> alloc::boxed::Box<str, alloc::alloc::Global>, (&str)> (function.rs:250)
          n1: 4 0x12F917: map<&str, alloc::boxed::Box<str, alloc::alloc::Global>, fn(&str) -> alloc::boxed::Box<str, alloc::alloc::Global>> (option.rs:1165)
           n1: 4 0x12F917: {closure#0} (thread_info.rs:114)
            n1: 4 0x12F917: {closure#0}<std::sys::pal::unix::stack_overflow::thread_info::set_current_info::{closure_env#0}, core::option::Option<alloc::boxed::Box<str, alloc::alloc::Global>>> (current.rs:234)
             n1: 4 0x12F917: try_with_current<std::thread::current::with_current_name::{closure_env#0}<std::sys::pal::unix::stack_overflow::thread_info::set_current_info::{closure_env#0}, core::option::Option<alloc::boxed::Box<str, alloc::alloc::Global>>>, core::option::Option<alloc::boxed::Box<str, alloc::alloc::Global>>> (current.rs:204)
              n1: 4 0x12F917: with_current_name<std::sys::pal::unix::stack_overflow::thread_info::set_current_info::{closure_env#0}, core::option::Option<alloc::boxed::Box<str, alloc::alloc::Global>>> (current.rs:216)
               n1: 4 0x12F917: std::sys::pal::unix::stack_overflow::thread_info::set_current_info (thread_info.rs:114)
                n1: 4 0x12E30E: init (stack_overflow.rs:179)
                 n1: 4 0x12E30E: init (mod.rs:41)
                  n1: 4 0x12E30E: init (rt.rs:118)
                   n1: 4 0x12E30E: {closure#0} (rt.rs:173)
                    n1: 4 0x12E30E: do_call<std::rt::lang_start_internal::{closure_env#0}, isize> (panicking.rs:581)
                     n1: 4 0x12E30E: catch_unwind<isize, std::rt::lang_start_internal::{closure_env#0}> (panicking.rs:544)
                      n1: 4 0x12E30E: catch_unwind<std::rt::lang_start_internal::{closure_env#0}, isize> (panic.rs:359)
                       n1: 4 0x12E30E: std::rt::lang_start_internal (rt.rs:171)
                        n0: 4 0x12081B: main (in /app/target/release/demo)
 n1: 0 0x4901DB2: _IO_file_doallocate (filedoalloc.c:101)
  n1: 0 0x4910B48: _IO_doallocbuf (genops.c:373)
   n1: 0 0x4910B48: _IO_doallocbuf (genops.c:368)
    n1: 0 0x490E945: _IO_file_underflow@@GLIBC_2.2.5 (fileops.c:487)
     n1: 0 0x490376F: getdelim (iogetdelim.c:77)
      n1: 0 0x49181C2: pthread_getattr_np@@GLIBC_2.32 (pthread_getattr_np.c:122)
       n1: 0 0x12E1DD: get_stack_start (stack_overflow.rs:372)
        n1: 0 0x12E1DD: stack_start_aligned (stack_overflow.rs:389)
         n1: 0 0x12E1DD: install_main_guard_linux (stack_overflow.rs:442)
          n1: 0 0x12E1DD: install_main_guard (stack_overflow.rs:413)
           n1: 0 0x12E1DD: init (stack_overflow.rs:155)
            n1: 0 0x12E1DD: init (mod.rs:41)
             n1: 0 0x12E1DD: init (rt.rs:118)
              n1: 0 0x12E1DD: {closure#0} (rt.rs:173)
               n1: 0 0x12E1DD: do_call<std::rt::lang_start_internal::{closure_env#0}, isize> (panicking.rs:581)
                n1: 0 0x12E1DD: catch_unwind<isize, std::rt::lang_start_internal::{closure_env#0}> (panicking.rs:544)
                 n1: 0 0x12E1DD: catch_unwind<std::rt::lang_start_internal::{closure_env#0}, isize> (panic.rs:359)
                  n1: 0 0x12E1DD: std::rt::lang_start_internal (rt.rs:171)
                   n0: 0 0x12081B: main (in /app/target/release/demo)
 n1: 0 0x49028AA: __fopen_internal (iofopen.c:65)
  n1: 0 0x4918092: pthread_getattr_np@@GLIBC_2.32 (pthread_getattr_np.c:85)
   n1: 0 0x12E1DD: get_stack_start (stack_overflow.rs:372)
    n1: 0 0x12E1DD: stack_start_aligned (stack_overflow.rs:389)
     n1: 0 0x12E1DD: install_main_guard_linux (stack_overflow.rs:442)
      n1: 0 0x12E1DD: install_main_guard (stack_overflow.rs:413)
       n1: 0 0x12E1DD: init (stack_overflow.rs:155)
        n1: 0 0x12E1DD: init (mod.rs:41)
         n1: 0 0x12E1DD: init (rt.rs:118)
          n1: 0 0x12E1DD: {closure#0} (rt.rs:173)
           n1: 0 0x12E1DD: do_call<std::rt::lang_start_internal::{closure_env#0}, isize> (panicking.rs:581)
            n1: 0 0x12E1DD: catch_unwind<isize, std::rt::lang_start_internal::{closure_env#0}> (panicking.rs:544)
             n1: 0 0x12E1DD: catch_unwind<std::rt::lang_start_internal::{closure_env#0}, isize> (panic.rs:359)
              n1: 0 0x12E1DD: std::rt::lang_start_internal (rt.rs:171)
               n0: 0 0x12081B: main (in /app/target/release/demo)
 n1: 0 0x49035AE: getdelim (iogetdelim.c:107)
  n1: 0 0x49181C2: pthread_getattr_np@@GLIBC_2.32 (pthread_getattr_np.c:122)
   n1: 0 0x12E1DD: get_stack_start (stack_overflow.rs:372)
    n1: 0 0x12E1DD: stack_start_aligned (stack_overflow.rs:389)
     n1: 0 0x12E1DD: install_main_guard_linux (stack_overflow.rs:442)
      n1: 0 0x12E1DD: install_main_guard (stack_overflow.rs:413)
       n1: 0 0x12E1DD: init (stack_overflow.rs:155)
        n1: 0 0x12E1DD: init (mod.rs:41)
         n1: 0 0x12E1DD: init (rt.rs:118)
          n1: 0 0x12E1DD: {closure#0} (rt.rs:173)
           n1: 0 0x12E1DD: do_call<std::rt::lang_start_internal::{closure_env#0}, isize> (panicking.rs:581)
            n1: 0 0x12E1DD: catch_unwind<isize, std::rt::lang_start_internal::{closure_env#0}> (panicking.rs:544)
             n1: 0 0x12E1DD: catch_unwind<std::rt::lang_start_internal::{closure_env#0}, isize> (panic.rs:359)
              n1: 0 0x12E1DD: std::rt::lang_start_internal (rt.rs:171)
               n0: 0 0x12081B: main (in /app/target/release/demo)
 n1: 0 0x49036DD: getdelim (iogetdelim.c:65)
  n1: 0 0x49181C2: pthread_getattr_np@@GLIBC_2.32 (pthread_getattr_np.c:122)
   n1: 0 0x12E1DD: get_stack_start (stack_overflow.rs:372)
    n1: 0 0x12E1DD: stack_start_aligned (stack_overflow.rs:389)
     n1: 0 0x12E1DD: install_main_guard_linux (stack_overflow.rs:442)
      n1: 0 0x12E1DD: install_main_guard (stack_overflow.rs:413)
       n1: 0 0x12E1DD: init (stack_overflow.rs:155)
        n1: 0 0x12E1DD: init (mod.rs:41)
         n1: 0 0x12E1DD: init (rt.rs:118)
          n1: 0 0x12E1DD: {closure#0} (rt.rs:173)
           n1: 0 0x12E1DD: do_call<std::rt::lang_start_internal::{closure_env#0}, isize> (panicking.rs:581)
            n1: 0 0x12E1DD: catch_unwind<isize, std::rt::lang_start_internal::{closure_env#0}> (panicking.rs:544)
             n1: 0 0x12E1DD: catch_unwind<std::rt::lang_start_internal::{closure_env#0}, isize> (panic.rs:359)
              n1: 0 0x12E1DD: std::rt::lang_start_internal (rt.rs:171)
               n0: 0 0x12081B: main (in /app/target/release/demo)
 n1: 0 0x4914CD2: __pthread_attr_extension (pthread_attr_extension.c:28)
  n1: 0 0x4914FA7: pthread_attr_setaffinity_np@@GLIBC_2.32 (pthread_attr_setaffinity.c:45)
   n1: 0 0x4917FF9: pthread_getattr_np@@GLIBC_2.32 (pthread_getattr_np.c:194)
    n1: 0 0x12E1DD: get_stack_start (stack_overflow.rs:372)
     n1: 0 0x12E1DD: stack_start_aligned (stack_overflow.rs:389)
      n1: 0 0x12E1DD: install_main_guard_linux (stack_overflow.rs:442)
       n1: 0 0x12E1DD: install_main_guard (stack_overflow.rs:413)
        n1: 0 0x12E1DD: init (stack_overflow.rs:155)
         n1: 0 0x12E1DD: init (mod.rs:41)
          n1: 0 0x12E1DD: init (rt.rs:118)
           n1: 0 0x12E1DD: {closure#0} (rt.rs:173)
            n1: 0 0x12E1DD: do_call<std::rt::lang_start_internal::{closure_env#0}, isize> (panicking.rs:581)
             n1: 0 0x12E1DD: catch_unwind<isize, std::rt::lang_start_internal::{closure_env#0}> (panicking.rs:544)
              n1: 0 0x12E1DD: catch_unwind<std::rt::lang_start_internal::{closure_env#0}, isize> (panic.rs:359)
               n1: 0 0x12E1DD: std::rt::lang_start_internal (rt.rs:171)
                n0: 0 0x12081B: main (in /app/target/release/demo)
 n1: 0 0x4914FC0: pthread_attr_setaffinity_np@@GLIBC_2.32 (pthread_attr_setaffinity.c:51)
  n1: 0 0x4917FF9: pthread_getattr_np@@GLIBC_2.32 (pthread_getattr_np.c:194)
   n1: 0 0x12E1DD: get_stack_start (stack_overflow.rs:372)
    n1: 0 0x12E1DD: stack_start_aligned (stack_overflow.rs:389)
     n1: 0 0x12E1DD: install_main_guard_linux (stack_overflow.rs:442)
      n1: 0 0x12E1DD: install_main_guard (stack_overflow.rs:413)
       n1: 0 0x12E1DD: init (stack_overflow.rs:155)
        n1: 0 0x12E1DD: init (mod.rs:41)
         n1: 0 0x12E1DD: init (rt.rs:118)
          n1: 0 0x12E1DD: {closure#0} (rt.rs:173)
           n1: 0 0x12E1DD: do_call<std::rt::lang_start_internal::{closure_env#0}, isize> (panicking.rs:581)
            n1: 0 0x12E1DD: catch_unwind<isize, std::rt::lang_start_internal::{closure_env#0}> (panicking.rs:544)
             n1: 0 0x12E1DD: catch_unwind<std::rt::lang_start_internal::{closure_env#0}, isize> (panic.rs:359)
              n1: 0 0x12E1DD: std::rt::lang_start_internal (rt.rs:171)
               n0: 0 0x12081B: main (in /app/target/release/demo)
 n1: 0 0x4917F81: pthread_getattr_np@@GLIBC_2.32 (pthread_getattr_np.c:180)
  n1: 0 0x12E1DD: get_stack_start (stack_overflow.rs:372)
   n1: 0 0x12E1DD: stack_start_aligned (stack_overflow.rs:389)
    n1: 0 0x12E1DD: install_main_guard_linux (stack_overflow.rs:442)
     n1: 0 0x12E1DD: install_main_guard (stack_overflow.rs:413)
      n1: 0 0x12E1DD: init (stack_overflow.rs:155)
       n1: 0 0x12E1DD: init (mod.rs:41)
        n1: 0 0x12E1DD: init (rt.rs:118)
         n1: 0 0x12E1DD: {closure#0} (rt.rs:173)
          n1: 0 0x12E1DD: do_call<std::rt::lang_start_internal::{closure_env#0}, isize> (panicking.rs:581)
           n1: 0 0x12E1DD: catch_unwind<isize, std::rt::lang_start_internal::{closure_env#0}> (panicking.rs:544)
            n1: 0 0x12E1DD: catch_unwind<std::rt::lang_start_internal::{closure_env#0}, isize> (panic.rs:359)
             n1: 0 0x12E1DD: std::rt::lang_start_internal (rt.rs:171)
              n0: 0 0x12081B: main (in /app/target/release/demo)
#-----------
snapshot=16
#-----------
time=314336
mem_heap_B=548
mem_heap_extra_B=28
mem_stacks_B=0
heap_tree=empty
#-----------
snapshot=17
#-----------
time=314669
mem_heap_B=800548
mem_heap_extra_B=36
mem_stacks_B=0
heap_tree=empty
#-----------
snapshot=18
#-----------
time=952364
mem_heap_B=801572
mem_heap_extra_B=44
mem_stacks_B=0
heap_tree=empty
#-----------
snapshot=19
#-----------
time=954719
mem_heap_B=801580
mem_heap_extra_B=60
mem_stacks_B=0
heap_tree=empty
#-----------
snapshot=20
#-----------
time=955012
mem_heap_B=801588
mem_heap_extra_B=52
mem_stacks_B=0
heap_tree=empty
#-----------
snapshot=21
#-----------
time=955159
mem_heap_B=801598
mem_heap_extra_B=66
mem_stacks_B=0
heap_tree=empty
#-----------
snapshot=22
#-----------
time=955362
mem_heap_B=801598
mem_heap_extra_B=66
mem_stacks_B=0
heap_tree=detailed
n2: 801598 (heap allocation functions) malloc/new/new[], --alloc-fns, etc.
 n1: 800000 0x12044E: alloc (library/alloc/src/alloc.rs:95)
  n1: 800000 0x12044E: alloc_impl_runtime (library/alloc/src/alloc.rs:190)
   n1: 800000 0x12044E: alloc_impl (library/alloc/src/alloc.rs:312)
    n1: 800000 0x12044E: allocate (library/alloc/src/alloc.rs:429)
     n1: 800000 0x12044E: try_allocate_in<alloc::alloc::Global> (library/alloc/src/raw_vec/mod.rs:449)
      n1: 800000 0x12044E: with_capacity_in<alloc::alloc::Global> (library/alloc/src/raw_vec/mod.rs:418)
       n1: 800000 0x12044E: with_capacity_in<i64, alloc::alloc::Global> (library/alloc/src/raw_vec/mod.rs:177)
        n1: 800000 0x12044E: with_capacity_in<i64, alloc::alloc::Global> (library/alloc/src/vec/mod.rs:967)
         n1: 800000 0x12044E: with_capacity<i64> (library/alloc/src/vec/mod.rs:526)
          n1: 800000 0x12044E: from_iter<i64, core::ops::range::Range<i64>> (library/alloc/src/vec/spec_from_iter_nested.rs:52)
           n1: 800000 0x12044E: from_iter<i64, core::ops::range::Range<i64>> (library/alloc/src/vec/spec_from_iter.rs:33)
            n1: 800000 0x12044E: from_iter<i64, core::ops::range::Range<i64>> (library/alloc/src/vec/mod.rs:3801)
             n1: 800000 0x12044E: collect<core::ops::range::Range<i64>, alloc::vec::Vec<i64, alloc::alloc::Global>> (library/core/src/iter/traits/iterator.rs:2035)
              n1: 800000 0x12044E: demo::main (demo.rs:4)
               n1: 800000 0x120412: call_once<fn(), ()> (library/core/src/ops/function.rs:250)
                n1: 800000 0x120412: std::sys::backtrace::__rust_begin_short_backtrace (library/std/src/sys/backtrace.rs:166)
                 n1: 800000 0x120408: std::rt::lang_start::{{closure}} (library/std/src/rt.rs:206)
                  n1: 800000 0x12E3D5: call_once<(), (dyn core::ops::function::Fn<(), Output=i32> + core::marker::Sync + core::panic::unwind_safe::RefUnwindSafe)> (function.rs:287)
                   n1: 800000 0x12E3D5: do_call<&(dyn core::ops::function::Fn<(), Output=i32> + core::marker::Sync + core::panic::unwind_safe::RefUnwindSafe), i32> (panicking.rs:581)
                    n1: 800000 0x12E3D5: catch_unwind<i32, &(dyn core::ops::function::Fn<(), Output=i32> + core::marker::Sync + core::panic::unwind_safe::RefUnwindSafe)> (panicking.rs:544)
                     n1: 800000 0x12E3D5: catch_unwind<&(dyn core::ops::function::Fn<(), Output=i32> + core::marker::Sync + core::panic::unwind_safe::RefUnwindSafe), i32> (panic.rs:359)
                      n1: 800000 0x12E3D5: {closure#0} (rt.rs:175)
                       n1: 800000 0x12E3D5: do_call<std::rt::lang_start_internal::{closure_env#0}, isize> (panicking.rs:581)
                        n1: 800000 0x12E3D5: catch_unwind<isize, std::rt::lang_start_internal::{closure_env#0}> (panicking.rs:544)
                         n1: 800000 0x12E3D5: catch_unwind<std::rt::lang_start_internal::{closure_env#0}, isize> (panic.rs:359)
                          n1: 800000 0x12E3D5: std::rt::lang_start_internal (rt.rs:171)
                           n0: 800000 0x12081B: main (in /app/target/release/demo)
 n0: 1598 in 13 places, all below massif's threshold (1.00%)
#-----------
snapshot=23
#-----------
time=955362
mem_heap_B=801582
mem_heap_extra_B=58
mem_stacks_B=0
heap_tree=empty
#-----------
snapshot=24
#-----------
time=956283
mem_heap_B=801572
mem_heap_extra_B=44
mem_stacks_B=0
heap_tree=empty
#-----------
snapshot=25
#-----------
time=3351648345
mem_heap_B=881572
mem_heap_extra_B=52
mem_stacks_B=0
heap_tree=empty
#-----------
snapshot=26
#-----------
time=3351667220
mem_heap_B=881604
mem_heap_extra_B=60
mem_stacks_B=0
heap_tree=empty
#-----------
snapshot=27
#-----------
time=3351667624
mem_heap_B=881636
mem_heap_extra_B=60
mem_stacks_B=0
heap_tree=empty
#-----------
snapshot=28
#-----------
time=3351668300
mem_heap_B=881700
mem_heap_extra_B=60
mem_stacks_B=0
heap_tree=empty
#-----------
snapshot=29
#-----------
time=3351670290
mem_heap_B=881828
mem_heap_extra_B=60
mem_stacks_B=0
heap_tree=empty
#-----------
snapshot=30
#-----------
time=3351677560
mem_heap_B=882084
mem_heap_extra_B=60
mem_stacks_B=0
heap_tree=empty
#-----------
snapshot=31
#-----------
time=3351705194
mem_heap_B=882596
mem_heap_extra_B=60
mem_stacks_B=0
heap_tree=empty
#-----------
snapshot=32
#-----------
time=3351812556
mem_heap_B=883620
mem_heap_extra_B=60
mem_stacks_B=0
heap_tree=detailed
n3: 883620 (heap allocation functions) malloc/new/new[], --alloc-fns, etc.
 n1: 800000 0x12044E: alloc (library/alloc/src/alloc.rs:95)
  n1: 800000 0x12044E: alloc_impl_runtime (library/alloc/src/alloc.rs:190)
   n1: 800000 0x12044E: alloc_impl (library/alloc/src/alloc.rs:312)
    n1: 800000 0x12044E: allocate (library/alloc/src/alloc.rs:429)
     n1: 800000 0x12044E: try_allocate_in<alloc::alloc::Global> (library/alloc/src/raw_vec/mod.rs:449)
      n1: 800000 0x12044E: with_capacity_in<alloc::alloc::Global> (library/alloc/src/raw_vec/mod.rs:418)
       n1: 800000 0x12044E: with_capacity_in<i64, alloc::alloc::Global> (library/alloc/src/raw_vec/mod.rs:177)
        n1: 800000 0x12044E: with_capacity_in<i64, alloc::alloc::Global> (library/alloc/src/vec/mod.rs:967)
         n1: 800000 0x12044E: with_capacity<i64> (library/alloc/src/vec/mod.rs:526)
          n1: 800000 0x12044E: from_iter<i64, core::ops::range::Range<i64>> (library/alloc/src/vec/spec_from_iter_nested.rs:52)
           n1: 800000 0x12044E: from_iter<i64, core::ops::range::Range<i64>> (library/alloc/src/vec/spec_from_iter.rs:33)
            n1: 800000 0x12044E: from_iter<i64, core::ops::range::Range<i64>> (library/alloc/src/vec/mod.rs:3801)
             n1: 800000 0x12044E: collect<core::ops::range::Range<i64>, alloc::vec::Vec<i64, alloc::alloc::Global>> (library/core/src/iter/traits/iterator.rs:2035)
              n1: 800000 0x12044E: demo::main (demo.rs:4)
               n1: 800000 0x120412: call_once<fn(), ()> (library/core/src/ops/function.rs:250)
                n1: 800000 0x120412: std::sys::backtrace::__rust_begin_short_backtrace (library/std/src/sys/backtrace.rs:166)
                 n1: 800000 0x120408: std::rt::lang_start::{{closure}} (library/std/src/rt.rs:206)
                  n1: 800000 0x12E3D5: call_once<(), (dyn core::ops::function::Fn<(), Output=i32> + core::marker::Sync + core::panic::unwind_safe::RefUnwindSafe)> (function.rs:287)
                   n1: 800000 0x12E3D5: do_call<&(dyn core::ops::function::Fn<(), Output=i32> + core::marker::Sync + core::panic::unwind_safe::RefUnwindSafe), i32> (panicking.rs:581)
                    n1: 800000 0x12E3D5: catch_unwind<i32, &(dyn core::ops::function::Fn<(), Output=i32> + core::marker::Sync + core::panic::unwind_safe::RefUnwindSafe)> (panicking.rs:544)
                     n1: 800000 0x12E3D5: catch_unwind<&(dyn core::ops::function::Fn<(), Output=i32> + core::marker::Sync + core::panic::unwind_safe::RefUnwindSafe), i32> (panic.rs:359)
                      n1: 800000 0x12E3D5: {closure#0} (rt.rs:175)
                       n1: 800000 0x12E3D5: do_call<std::rt::lang_start_internal::{closure_env#0}, isize> (panicking.rs:581)
                        n1: 800000 0x12E3D5: catch_unwind<isize, std::rt::lang_start_internal::{closure_env#0}> (panicking.rs:544)
                         n1: 800000 0x12E3D5: catch_unwind<std::rt::lang_start_internal::{closure_env#0}, isize> (panic.rs:359)
                          n1: 800000 0x12E3D5: std::rt::lang_start_internal (rt.rs:171)
                           n0: 800000 0x12081B: main (in /app/target/release/demo)
 n1: 80000 0x120654: alloc (library/alloc/src/alloc.rs:95)
  n1: 80000 0x120654: alloc_impl_runtime (library/alloc/src/alloc.rs:190)
   n1: 80000 0x120654: alloc_impl (library/alloc/src/alloc.rs:312)
    n1: 80000 0x120654: allocate (library/alloc/src/alloc.rs:429)
     n1: 80000 0x120654: try_allocate_in<alloc::alloc::Global> (library/alloc/src/raw_vec/mod.rs:449)
      n1: 80000 0x120654: with_capacity_in<alloc::alloc::Global> (library/alloc/src/raw_vec/mod.rs:418)
       n1: 80000 0x120654: with_capacity_in<u64, alloc::alloc::Global> (library/alloc/src/raw_vec/mod.rs:177)
        n1: 80000 0x120654: with_capacity_in<u64, alloc::alloc::Global> (library/alloc/src/vec/mod.rs:967)
         n1: 80000 0x120654: with_capacity<u64> (library/alloc/src/vec/mod.rs:526)
          n1: 80000 0x120654: from_iter<u64, core::iter::adapters::flatten::FlatMap<core::ops::range::Range<u64>, [u64; 2], demo::main::{closure_env#0}>> (library/alloc/src/vec/spec_from_iter_nested.rs:52)
           n1: 80000 0x120654: from_iter<u64, core::iter::adapters::flatten::FlatMap<core::ops::range::Range<u64>, [u64; 2], demo::main::{closure_env#0}>> (library/alloc/src/vec/spec_from_iter.rs:33)
            n1: 80000 0x120654: from_iter<u64, core::iter::adapters::flatten::FlatMap<core::ops::range::Range<u64>, [u64; 2], demo::main::{closure_env#0}>> (library/alloc/src/vec/mod.rs:3801)
             n1: 80000 0x120654: collect<core::iter::adapters::flatten::FlatMap<core::ops::range::Range<u64>, [u64; 2], demo::main::{closure_env#0}>, alloc::vec::Vec<u64, alloc::alloc::Global>> (library/core/src/iter/traits/iterator.rs:2035)
              n1: 80000 0x120654: demo::main (demo.rs:16)
               n1: 80000 0x120412: call_once<fn(), ()> (library/core/src/ops/function.rs:250)
                n1: 80000 0x120412: std::sys::backtrace::__rust_begin_short_backtrace (library/std/src/sys/backtrace.rs:166)
                 n1: 80000 0x120408: std::rt::lang_start::{{closure}} (library/std/src/rt.rs:206)
                  n1: 80000 0x12E3D5: call_once<(), (dyn core::ops::function::Fn<(), Output=i32> + core::marker::Sync + core::panic::unwind_safe::RefUnwindSafe)> (function.rs:287)
                   n1: 80000 0x12E3D5: do_call<&(dyn core::ops::function::Fn<(), Output=i32> + core::marker::Sync + core::panic::unwind_safe::RefUnwindSafe), i32> (panicking.rs:581)
                    n1: 80000 0x12E3D5: catch_unwind<i32, &(dyn core::ops::function::Fn<(), Output=i32> + core::marker::Sync + core::panic::unwind_safe::RefUnwindSafe)> (panicking.rs:544)
                     n1: 80000 0x12E3D5: catch_unwind<&(dyn core::ops::function::Fn<(), Output=i32> + core::marker::Sync + core::panic::unwind_safe::RefUnwindSafe), i32> (panic.rs:359)
                      n1: 80000 0x12E3D5: {closure#0} (rt.rs:175)
                       n1: 80000 0x12E3D5: do_call<std::rt::lang_start_internal::{closure_env#0}, isize> (panicking.rs:581)
                        n1: 80000 0x12E3D5: catch_unwind<isize, std::rt::lang_start_internal::{closure_env#0}> (panicking.rs:544)
                         n1: 80000 0x12E3D5: catch_unwind<std::rt::lang_start_internal::{closure_env#0}, isize> (panic.rs:359)
                          n1: 80000 0x12E3D5: std::rt::lang_start_internal (rt.rs:171)
                           n0: 80000 0x12081B: main (in /app/target/release/demo)
 n0: 3620 in 13 places, all below massif's threshold (1.00%)
#-----------
snapshot=33
#-----------
time=3352236046
mem_heap_B=885668
mem_heap_extra_B=60
mem_stacks_B=0
heap_tree=empty
#-----------
snapshot=34
#-----------
time=3353918480
mem_heap_B=889764
mem_heap_extra_B=60
mem_stacks_B=0
heap_tree=empty
#-----------
snapshot=35
#-----------
time=3360625554
mem_heap_B=897956
mem_heap_extra_B=60
mem_stacks_B=0
heap_tree=empty
#-----------
snapshot=36
#-----------
time=3387408916
mem_heap_B=914340
mem_heap_extra_B=60
mem_stacks_B=0
heap_tree=empty
#-----------
snapshot=37
#-----------
time=3494452886
mem_heap_B=947108
mem_heap_extra_B=60
mem_stacks_B=0
heap_tree=empty
#-----------
snapshot=38
#-----------
time=3564361912
mem_heap_B=947108
mem_heap_extra_B=60
mem_stacks_B=0
heap_tree=peak
n4: 947108 (heap allocation functions) malloc/new/new[], --alloc-fns, etc.
 n1: 800000 0x12044E: alloc (library/alloc/src/alloc.rs:95)
  n1: 800000 0x12044E: alloc_impl_runtime (library/alloc/src/alloc.rs:190)
   n1: 800000 0x12044E: alloc_impl (library/alloc/src/alloc.rs:312)
    n1: 800000 0x12044E: allocate (library/alloc/src/alloc.rs:429)
     n1: 800000 0x12044E: try_allocate_in<alloc::alloc::Global> (library/alloc/src/raw_vec/mod.rs:449)
      n1: 800000 0x12044E: with_capacity_in<alloc::alloc::Global> (library/alloc/src/raw_vec/mod.rs:418)
       n1: 800000 0x12044E: with_capacity_in<i64, alloc::alloc::Global> (library/alloc/src/raw_vec/mod.rs:177)
        n1: 800000 0x12044E: with_capacity_in<i64, alloc::alloc::Global> (library/alloc/src/vec/mod.rs:967)
         n1: 800000 0x12044E: with_capacity<i64> (library/alloc/src/vec/mod.rs:526)
          n1: 800000 0x12044E: from_iter<i64, core::ops::range::Range<i64>> (library/alloc/src/vec/spec_from_iter_nested.rs:52)
           n1: 800000 0x12044E: from_iter<i64, core::ops::range::Range<i64>> (library/alloc/src/vec/spec_from_iter.rs:33)
            n1: 800000 0x12044E: from_iter<i64, core::ops::range::Range<i64>> (library/alloc/src/vec/mod.rs:3801)
             n1: 800000 0x12044E: collect<core::ops::range::Range<i64>, alloc::vec::Vec<i64, alloc::alloc::Global>> (library/core/src/iter/traits/iterator.rs:2035)
              n1: 800000 0x12044E: demo::main (demo.rs:4)
               n1: 800000 0x120412: call_once<fn(), ()> (library/core/src/ops/function.rs:250)
                n1: 800000 0x120412: std::sys::backtrace::__rust_begin_short_backtrace (library/std/src/sys/backtrace.rs:166)
                 n1: 800000 0x120408: std::rt::lang_start::{{closure}} (library/std/src/rt.rs:206)
                  n1: 800000 0x12E3D5: call_once<(), (dyn core::ops::function::Fn<(), Output=i32> + core::marker::Sync + core::panic::unwind_safe::RefUnwindSafe)> (function.rs:287)
                   n1: 800000 0x12E3D5: do_call<&(dyn core::ops::function::Fn<(), Output=i32> + core::marker::Sync + core::panic::unwind_safe::RefUnwindSafe), i32> (panicking.rs:581)
                    n1: 800000 0x12E3D5: catch_unwind<i32, &(dyn core::ops::function::Fn<(), Output=i32> + core::marker::Sync + core::panic::unwind_safe::RefUnwindSafe)> (panicking.rs:544)
                     n1: 800000 0x12E3D5: catch_unwind<&(dyn core::ops::function::Fn<(), Output=i32> + core::marker::Sync + core::panic::unwind_safe::RefUnwindSafe), i32> (panic.rs:359)
                      n1: 800000 0x12E3D5: {closure#0} (rt.rs:175)
                       n1: 800000 0x12E3D5: do_call<std::rt::lang_start_internal::{closure_env#0}, isize> (panicking.rs:581)
                        n1: 800000 0x12E3D5: catch_unwind<isize, std::rt::lang_start_internal::{closure_env#0}> (panicking.rs:544)
                         n1: 800000 0x12E3D5: catch_unwind<std::rt::lang_start_internal::{closure_env#0}, isize> (panic.rs:359)
                          n1: 800000 0x12E3D5: std::rt::lang_start_internal (rt.rs:171)
                           n0: 800000 0x12081B: main (in /app/target/release/demo)
 n1: 80000 0x120654: alloc (library/alloc/src/alloc.rs:95)
  n1: 80000 0x120654: alloc_impl_runtime (library/alloc/src/alloc.rs:190)
   n1: 80000 0x120654: alloc_impl (library/alloc/src/alloc.rs:312)
    n1: 80000 0x120654: allocate (library/alloc/src/alloc.rs:429)
     n1: 80000 0x120654: try_allocate_in<alloc::alloc::Global> (library/alloc/src/raw_vec/mod.rs:449)
      n1: 80000 0x120654: with_capacity_in<alloc::alloc::Global> (library/alloc/src/raw_vec/mod.rs:418)
       n1: 80000 0x120654: with_capacity_in<u64, alloc::alloc::Global> (library/alloc/src/raw_vec/mod.rs:177)
        n1: 80000 0x120654: with_capacity_in<u64, alloc::alloc::Global> (library/alloc/src/vec/mod.rs:967)
         n1: 80000 0x120654: with_capacity<u64> (library/alloc/src/vec/mod.rs:526)
          n1: 80000 0x120654: from_iter<u64, core::iter::adapters::flatten::FlatMap<core::ops::range::Range<u64>, [u64; 2], demo::main::{closure_env#0}>> (library/alloc/src/vec/spec_from_iter_nested.rs:52)
           n1: 80000 0x120654: from_iter<u64, core::iter::adapters::flatten::FlatMap<core::ops::range::Range<u64>, [u64; 2], demo::main::{closure_env#0}>> (library/alloc/src/vec/spec_from_iter.rs:33)
            n1: 80000 0x120654: from_iter<u64, core::iter::adapters::flatten::FlatMap<core::ops::range::Range<u64>, [u64; 2], demo::main::{closure_env#0}>> (library/alloc/src/vec/mod.rs:3801)
             n1: 80000 0x120654: collect<core::iter::adapters::flatten::FlatMap<core::ops::range::Range<u64>, [u64; 2], demo::main::{closure_env#0}>, alloc::vec::Vec<u64, alloc::alloc::Global>> (library/core/src/iter/traits/iterator.rs:2035)
              n1: 80000 0x120654: demo::main (demo.rs:16)
               n1: 80000 0x120412: call_once<fn(), ()> (library/core/src/ops/function.rs:250)
                n1: 80000 0x120412: std::sys::backtrace::__rust_begin_short_backtrace (library/std/src/sys/backtrace.rs:166)
                 n1: 80000 0x120408: std::rt::lang_start::{{closure}} (library/std/src/rt.rs:206)
                  n1: 80000 0x12E3D5: call_once<(), (dyn core::ops::function::Fn<(), Output=i32> + core::marker::Sync + core::panic::unwind_safe::RefUnwindSafe)> (function.rs:287)
                   n1: 80000 0x12E3D5: do_call<&(dyn core::ops::function::Fn<(), Output=i32> + core::marker::Sync + core::panic::unwind_safe::RefUnwindSafe), i32> (panicking.rs:581)
                    n1: 80000 0x12E3D5: catch_unwind<i32, &(dyn core::ops::function::Fn<(), Output=i32> + core::marker::Sync + core::panic::unwind_safe::RefUnwindSafe)> (panicking.rs:544)
                     n1: 80000 0x12E3D5: catch_unwind<&(dyn core::ops::function::Fn<(), Output=i32> + core::marker::Sync + core::panic::unwind_safe::RefUnwindSafe), i32> (panic.rs:359)
                      n1: 80000 0x12E3D5: {closure#0} (rt.rs:175)
                       n1: 80000 0x12E3D5: do_call<std::rt::lang_start_internal::{closure_env#0}, isize> (panicking.rs:581)
                        n1: 80000 0x12E3D5: catch_unwind<isize, std::rt::lang_start_internal::{closure_env#0}> (panicking.rs:544)
                         n1: 80000 0x12E3D5: catch_unwind<std::rt::lang_start_internal::{closure_env#0}, isize> (panic.rs:359)
                          n1: 80000 0x12E3D5: std::rt::lang_start_internal (rt.rs:171)
                           n0: 80000 0x12081B: main (in /app/target/release/demo)
 n1: 65536 0x12140B: realloc (library/alloc/src/alloc.rs:135)
  n1: 65536 0x12140B: grow_impl_runtime (library/alloc/src/alloc.rs:239)
   n1: 65536 0x12140B: grow_impl (library/alloc/src/alloc.rs:342)
    n1: 65536 0x12140B: grow (library/alloc/src/alloc.rs:454)
     n2: 65536 0x12140B: alloc::raw_vec::RawVecInner<A>::finish_grow (library/alloc/src/raw_vec/mod.rs:540)
      n1: 65536 0x121369: grow_amortized<alloc::alloc::Global> (library/alloc/src/raw_vec/mod.rs:512)
       n1: 65536 0x121369: grow_one<alloc::alloc::Global> (library/alloc/src/raw_vec/mod.rs:476)
        n1: 65536 0x121369: alloc::raw_vec::RawVec<T,A>::grow_one (library/alloc/src/raw_vec/mod.rs:188)
         n1: 65536 0x120903: push_mut<u64, alloc::alloc::Global> (library/alloc/src/vec/mod.rs:1034)
          n1: 65536 0x120903: push<u64, alloc::alloc::Global> (library/alloc/src/vec/mod.rs:994)
           n1: 65536 0x120903: broken_app::algo::slow_dedup (algo.rs:25)
            n1: 65536 0x1206BC: demo::main (demo.rs:17)
             n1: 65536 0x120412: call_once<fn(), ()> (library/core/src/ops/function.rs:250)
              n1: 65536 0x120412: std::sys::backtrace::__rust_begin_short_backtrace (library/std/src/sys/backtrace.rs:166)
               n1: 65536 0x120408: std::rt::lang_start::{{closure}} (library/std/src/rt.rs:206)
                n1: 65536 0x12E3D5: call_once<(), (dyn core::ops::function::Fn<(), Output=i32> + core::marker::Sync + core::panic::unwind_safe::RefUnwindSafe)> (function.rs:287)
                 n1: 65536 0x12E3D5: do_call<&(dyn core::ops::function::Fn<(), Output=i32> + core::marker::Sync + core::panic::unwind_safe::RefUnwindSafe), i32> (panicking.rs:581)
                  n1: 65536 0x12E3D5: catch_unwind<i32, &(dyn core::ops::function::Fn<(), Output=i32> + core::marker::Sync + core::panic::unwind_safe::RefUnwindSafe)> (panicking.rs:544)
                   n1: 65536 0x12E3D5: catch_unwind<&(dyn core::ops::function::Fn<(), Output=i32> + core::marker::Sync + core::panic::unwind_safe::RefUnwindSafe), i32> (panic.rs:359)
                    n1: 65536 0x12E3D5: {closure#0} (rt.rs:175)
                     n1: 65536 0x12E3D5: do_call<std::rt::lang_start_internal::{closure_env#0}, isize> (panicking.rs:581)
                      n1: 65536 0x12E3D5: catch_unwind<isize, std::rt::lang_start_internal::{closure_env#0}> (panicking.rs:544)
                       n1: 65536 0x12E3D5: catch_unwind<std::rt::lang_start_internal::{closure_env#0}, isize> (panic.rs:359)
                        n1: 65536 0x12E3D5: std::rt::lang_start_internal (rt.rs:171)
                         n0: 65536 0x12081B: main (in /app/target/release/demo)
      n0: 0 in 1 place, below massif's threshold (1.00%)
 n0: 1572 in 12 places, all below massif's threshold (1.00%)
#-----------
snapshot=39
#-----------
time=3564361912
mem_heap_B=881572
mem_heap_extra_B=52
mem_stacks_B=0
heap_tree=empty
#-----------
snapshot=40
#-----------
time=3564361945
mem_heap_B=801572
mem_heap_extra_B=44
mem_stacks_B=0
heap_tree=empty
#-----------
snapshot=41
#-----------
time=3564361977
mem_heap_B=1572
mem_heap_extra_B=36
mem_stacks_B=0
heap_tree=empty
#-----------
snapshot=42
#-----------
time=3564362153
mem_heap_B=548
mem_heap_extra_B=28
mem_stacks_B=0
heap_tree=empty
#-----------
snapshot=43
#-----------
time=3564362551
mem_heap_B=544
mem_heap_extra_B=8
mem_stacks_B=0
heap_tree=empty
