desc: --massif-out-file=/output/massif.out
cmd: ./target/debug/demo
time_unit: i
#-----------
snapshot=0
#-----------
time=0
mem_heap_B=0
mem_heap_extra_B=0
mem_stacks_B=0
heap_tree=empty
#-----------
snapshot=1
#-----------
time=211254
mem_heap_B=472
mem_heap_extra_B=16
mem_stacks_B=0
heap_tree=empty
#-----------
snapshot=2
#-----------
time=211783
mem_heap_B=592
mem_heap_extra_B=32
mem_stacks_B=0
heap_tree=empty
#-----------
snapshot=3
#-----------
time=211935
mem_heap_B=1616
mem_heap_extra_B=40
mem_stacks_B=0
heap_tree=empty
#-----------
snapshot=4
#-----------
time=220261
mem_heap_B=1736
mem_heap_extra_B=32
mem_stacks_B=0
heap_tree=empty
#-----------
snapshot=5
#-----------
time=316159
mem_heap_B=1736
mem_heap_extra_B=32
mem_stacks_B=0
heap_tree=detailed
n4: 1736 (heap allocation functions) malloc/new/new[], --alloc-fns, etc.
 n1: 1024 0x4901DB2: _IO_file_doallocate (filedoalloc.c:101)
  n1: 1024 0x4910B48: _IO_doallocbuf (genops.c:373)
   n1: 1024 0x4910B48: _IO_doallocbuf (genops.c:368)
    n1: 1024 0x490E945: _IO_file_underflow@@GLIBC_2.2.5 (fileops.c:487)
     n1: 1024 0x490376F: getdelim (iogetdelim.c:77)
      n1: 1024 0x49181C2: pthread_getattr_np@@GLIBC_2.32 (pthread_getattr_np.c:122)
       n1: 1024 0x13B15D: get_stack_start (stack_overflow.rs:372)
        n1: 1024 0x13B15D: stack_start_aligned (stack_overflow.rs:389)
         n1: 1024 0x13B15D: install_main_guard_linux (stack_overflow.rs:442)
          n1: 1024 0x13B15D: install_main_guard (stack_overflow.rs:413)
           n1: 1024 0x13B15D: init (stack_overflow.rs:155)
            n1: 1024 0x13B15D: init (mod.rs:41)
             n1: 1024 0x13B15D: init (rt.rs:118)
              n1: 1024 0x13B15D: {closure#0} (rt.rs:173)
               n1: 1024 0x13B15D: do_call<std::rt::lang_start_internal::{closure_env#0}, isize> (panicking.rs:581)
                n1: 1024 0x13B15D: catch_unwind<isize, std::rt::lang_start_internal::{closure_env#0}> (panicking.rs:544)
                 n1: 1024 0x13B15D: catch_unwind<std::rt::lang_start_internal::{closure_env#0}, isize> (panic.rs:359)
                  n1: 1024 0x13B15D: std::rt::lang_start_internal (rt.rs:171)
                   n1: 1024 0x127646: std::rt::lang_start (library/std/src/rt.rs:205)
                    n0: 1024 0x12551D: main (in /app/target/debug/demo)
 n1: 472 0x49028AA: __fopen_internal (iofopen.c:65)
  n1: 472 0x4918092: pthread_getattr_np@@GLIBC_2.32 (pthread_getattr_np.c:85)
   n1: 472 0x13B15D: get_stack_start (stack_overflow.rs:372)
    n1: 472 0x13B15D: stack_start_aligned (stack_overflow.rs:389)
     n1: 472 0x13B15D: install_main_guard_linux (stack_overflow.rs:442)
      n1: 472 0x13B15D: install_main_guard (stack_overflow.rs:413)
       n1: 472 0x13B15D: init (stack_overflow.rs:155)
        n1: 472 0x13B15D: init (mod.rs:41)
         n1: 472 0x13B15D: init (rt.rs:118)
          n1: 472 0x13B15D: {closure#0} (rt.rs:173)
           n1: 472 0x13B15D: do_call<std::rt::lang_start_internal::{closure_env#0}, isize> (panicking.rs:581)
            n1: 472 0x13B15D: catch_unwind<isize, std::rt::lang_start_internal::{closure_env#0}> (panicking.rs:544)
             n1: 472 0x13B15D: catch_unwind<std::rt::lang_start_internal::{closure_env#0}, isize> (panic.rs:359)
              n1: 472 0x13B15D: std::rt::lang_start_internal (rt.rs:171)
               n1: 472 0x127646: std::rt::lang_start (library/std/src/rt.rs:205)
                n0: 472 0x12551D: main (in /app/target/debug/demo)
 n1: 240 0x49035AE: getdelim (iogetdelim.c:107)
  n1: 240 0x49181C2: pthread_getattr_np@@GLIBC_2.32 (pthread_getattr_np.c:122)
   n1: 240 0x13B15D: get_stack_start (stack_overflow.rs:372)
    n1: 240 0x13B15D: stack_start_aligned (stack_overflow.rs:389)
     n1: 240 0x13B15D: install_main_guard_linux (stack_overflow.rs:442)
      n1: 240 0x13B15D: install_main_guard (stack_overflow.rs:413)
       n1: 240 0x13B15D: init (stack_overflow.rs:155)
        n1: 240 0x13B15D: init (mod.rs:41)
         n1: 240 0x13B15D: init (rt.rs:118)
          n1: 240 0x13B15D: {closure#0} (rt.rs:173)
           n1: 240 0x13B15D: do_call<std::rt::lang_start_internal::{closure_env#0}, isize> (panicking.rs:581)
            n1: 240 0x13B15D: catch_unwind<isize, std::rt::lang_start_internal::{closure_env#0}> (panicking.rs:544)
             n1: 240 0x13B15D: catch_unwind<std::rt::lang_start_internal::{closure_env#0}, isize> (panic.rs:359)
              n1: 240 0x13B15D: std::rt::lang_start_internal (rt.rs:171)
               n1: 240 0x127646: std::rt::lang_start (library/std/src/rt.rs:205)
                n0: 240 0x12551D: main (in /app/target/debug/demo)
 n0: 0 in 1 place, below massif's threshold (1.00%)
#-----------
snapshot=6
#-----------
time=316159
mem_heap_B=1496
mem_heap_extra_B=24
mem_stacks_B=0
heap_tree=empty
#-----------
snapshot=7
#-----------
time=316357
mem_heap_B=472
mem_heap_extra_B=16
mem_stacks_B=0
heap_tree=empty
#-----------
snapshot=8
#-----------
time=316485
mem_heap_B=0
mem_heap_extra_B=0
mem_stacks_B=0
heap_tree=empty
#-----------
snapshot=9
#-----------
time=316534
mem_heap_B=32
mem_heap_extra_B=8
mem_stacks_B=0
heap_tree=empty
#-----------
snapshot=10
#-----------
time=316658
mem_heap_B=184
mem_heap_extra_B=24
mem_stacks_B=0
heap_tree=empty
#-----------
snapshot=11
#-----------
time=316710
mem_heap_B=216
mem_heap_extra_B=32
mem_stacks_B=0
heap_tree=empty
#-----------
snapshot=12
#-----------
time=316773
mem_heap_B=184
mem_heap_extra_B=24
mem_stacks_B=0
heap_tree=empty
#-----------
snapshot=13
#-----------
time=316850
mem_heap_B=152
mem_heap_extra_B=16
mem_stacks_B=0
heap_tree=empty
#-----------
snapshot=14
#-----------
time=316879
mem_heap_B=0
mem_heap_extra_B=0
mem_stacks_B=0
heap_tree=empty
#-----------
snapshot=15
#-----------
time=317303
mem_heap_B=4
mem_heap_extra_B=20
mem_stacks_B=0
heap_tree=detailed
n8: 4 (heap allocation functions) malloc/new/new[], --alloc-fns, etc.
 n1: 4 0x13C897: alloc (alloc.rs:95)
  n1: 4 0x13C897: alloc_impl_runtime (alloc.rs:190)
   n1: 4 0x13C897: alloc_impl (alloc.rs:312)
    n1: 4 0x13C897: allocate (alloc.rs:429)
     n1: 4 0x13C897: try_clone_from_ref_in<str, alloc::alloc::Global> (boxed.rs:840)
      n1: 4 0x13C897: clone_from_ref_in<str, alloc::alloc::Global> (boxed.rs:799)
       n1: 4 0x13C897: clone_from_ref<str> (boxed.rs:752)
        n1: 4 0x13C897: from (convert.rs:138)
         n1: 4 0x13C897: call_once<fn(&str) -> alloc::boxed::Box<str, alloc::alloc::Global>, (&str)> (function.rs:250)
          n1: 4 0x13C897: map<&str, alloc::boxed::Box<str, alloc::alloc::Global>, fn(&str) -> alloc::boxed::Box<str, alloc::alloc::Global>> (option.rs:1165)
           n1: 4 0x13C897: {closure#0} (thread_info.rs:114)
            n1: 4 0x13C897: {closure#0}<std::sys::pal::unix::stack_overflow::thread_info::set_current_info::{closure_env#0}, core::option::Option<alloc::boxed::Box<str, alloc::alloc::Global>>> (current.rs:234)
             n1: 4 0x13C897: try_with_current<std::thread::current::with_current_name::{closure_env#0}<std::sys::pal::unix::stack_overflow::thread_info::set_current_info::{closure_env#0}, core::option::Option<alloc::boxed::Box<str, alloc::alloc::Global>>>, core::option::Option<alloc::boxed::Box<str, alloc::alloc::Global>>> (current.rs:204)
              n1: 4 0x13C897: with_current_name<std::sys::pal::unix::stack_overflow::thread_info::set_current_info::{closure_env#0}, core::option::Option<alloc::boxed::Box<str, alloc::alloc::Global>>> (current.rs:216)
               n1: 4 0x13C897: std::sys::pal::unix::stack_overflow::thread_info::set_current_info (thread_info.rs:114)
                n1: 4 0x13B28E: init (stack_overflow.rs:179)
                 n1: 4 0x13B28E: init (mod.rs:41)
                  n1: 4 0x13B28E: init (rt.rs:118)
                   n1: 4 0x13B28E: {closure#0} (rt.rs:173)
                    n1: 4 0x13B28E: do_call<std::rt::lang_start_internal::{closure_env#0}, isize> (panicking.rs:581)
                     n1: 4 0x13B28E: catch_unwind<isize, std::rt::lang_start_internal::{closure_env#0}> (panicking.rs:544)
                      n1: 4 0x13B28E: catch_unwind<std::rt::lang_start_internal::{closure_env#0}, isize> (panic.rs:359)
                       n1: 4 0x13B28E: std::rt::lang_start_internal (rt.rs:171)
                        n1: 4 0x127646: std::rt::lang_start (library/std/src/rt.rs:205)
                         n0: 4 0x12551D: main (in /app/target/debug/demo)
 n1: 0 0x4901DB2: _IO_file_doallocate (filedoalloc.c:101)
  n1: 0 0x4910B48: _IO_doallocbuf (genops.c:373)
   n1: 0 0x4910B48: _IO_doallocbuf (genops.c:368)
    n1: 0 0x490E945: _IO_file_underflow@@GLIBC_2.2.5 (fileops.c:487)
     n1: 0 0x490376F: getdelim (iogetdelim.c:77)
      n1: 0 0x49181C2: pthread_getattr_np@@GLIBC_2.32 (pthread_getattr_np.c:122)
       n1: 0 0x13B15D: get_stack_start (stack_overflow.rs:372)
        n1: 0 0x13B15D: stack_start_aligned (stack_overflow.rs:389)
         n1: 0 0x13B15D: install_main_guard_linux (stack_overflow.rs:442)
          n1: 0 0x13B15D: install_main_guard (stack_overflow.rs:413)
           n1: 0 0x13B15D: init (stack_overflow.rs:155)
            n1: 0 0x13B15D: init (mod.rs:41)
             n1: 0 0x13B15D: init (rt.rs:118)
              n1: 0 0x13B15D: {closure#0} (rt.rs:173)
               n1: 0 0x13B15D: do_call<std::rt::lang_start_internal::{closure_env#0}, isize> (panicking.rs:581)
                n1: 0 0x13B15D: catch_unwind<isize, std::rt::lang_start_internal::{closure_env#0}> (panicking.rs:544)
                 n1: 0 0x13B15D: catch_unwind<std::rt::lang_start_internal::{closure_env#0}, isize> (panic.rs:359)
                  n1: 0 0x13B15D: std::rt::lang_start_internal (rt.rs:171)
                   n1: 0 0x127646: std::rt::lang_start (library/std/src/rt.rs:205)
                    n0: 0 0x12551D: main (in /app/target/debug/demo)
 n1: 0 0x49028AA: __fopen_internal (iofopen.c:65)
  n1: 0 0x4918092: pthread_getattr_np@@GLIBC_2.32 (pthread_getattr_np.c:85)
   n1: 0 0x13B15D: get_stack_start (stack_overflow.rs:372)
    n1: 0 0x13B15D: stack_start_aligned (stack_overflow.rs:389)
     n1: 0 0x13B15D: install_main_guard_linux (stack_overflow.rs:442)
      n1: 0 0x13B15D: install_main_guard (stack_overflow.rs:413)
       n1: 0 0x13B15D: init (stack_overflow.rs:155)
        n1: 0 0x13B15D: init (mod.rs:41)
         n1: 0 0x13B15D: init (rt.rs:118)
          n1: 0 0x13B15D: {closure#0} (rt.rs:173)
           n1: 0 0x13B15D: do_call<std::rt::lang_start_internal::{closure_env#0}, isize> (panicking.rs:581)
            n1: 0 0x13B15D: catch_unwind<isize, std::rt::lang_start_internal::{closure_env#0}> (panicking.rs:544)
             n1: 0 0x13B15D: catch_unwind<std::rt::lang_start_internal::{closure_env#0}, isize> (panic.rs:359)
              n1: 0 0x13B15D: std::rt::lang_start_internal (rt.rs:171)
               n1: 0 0x127646: std::rt::lang_start (library/std/src/rt.rs:205)
                n0: 0 0x12551D: main (in /app/target/debug/demo)
 n1: 0 0x49035AE: getdelim (iogetdelim.c:107)
  n1: 0 0x49181C2: pthread_getattr_np@@GLIBC_2.32 (pthread_getattr_np.c:122)
   n1: 0 0x13B15D: get_stack_start (stack_overflow.rs:372)
    n1: 0 0x13B15D: stack_start_aligned (stack_overflow.rs:389)
     n1: 0 0x13B15D: install_main_guard_linux (stack_overflow.rs:442)
      n1: 0 0x13B15D: install_main_guard (stack_overflow.rs:413)
       n1: 0 0x13B15D: init (stack_overflow.rs:155)
        n1: 0 0x13B15D: init (mod.rs:41)
         n1: 0 0x13B15D: init (rt.rs:118)
          n1: 0 0x13B15D: {closure#0} (rt.rs:173)
           n1: 0 0x13B15D: do_call<std::rt::lang_start_internal::{closure_env#0}, isize> (panicking.rs:581)
            n1: 0 0x13B15D: catch_unwind<isize, std::rt::lang_start_internal::{closure_env#0}> (panicking.rs:544)
             n1: 0 0x13B15D: catch_unwind<std::rt::lang_start_internal::{closure_env#0}, isize> (panic.rs:359)
              n1: 0 0x13B15D: std::rt::lang_start_internal (rt.rs:171)
               n1: 0 0x127646: std::rt::lang_start (library/std/src/rt.rs:205)
                n0: 0 0x12551D: main (in /app/target/debug/demo)
 n1: 0 0x49036DD: getdelim (iogetdelim.c:65)
  n1: 0 0x49181C2: pthread_getattr_np@@GLIBC_2.32 (pthread_getattr_np.c:122)
   n1: 0 0x13B15D: get_stack_start (stack_overflow.rs:372)
    n1: 0 0x13B15D: stack_start_aligned (stack_overflow.rs:389)
     n1: 0 0x13B15D: install_main_guard_linux (stack_overflow.rs:442)
      n1: 0 0x13B15D: install_main_guard (stack_overflow.rs:413)
       n1: 0 0x13B15D: init (stack_overflow.rs:155)
        n1: 0 0x13B15D: init (mod.rs:41)
         n1: 0 0x13B15D: init (rt.rs:118)
          n1: 0 0x13B15D: {closure#0} (rt.rs:173)
           n1: 0 0x13B15D: do_call<std::rt::lang_start_internal::{closure_env#0}, isize> (panicking.rs:581)
            n1: 0 0x13B15D: catch_unwind<isize, std::rt::lang_start_internal::{closure_env#0}> (panicking.rs:544)
             n1: 0 0x13B15D: catch_unwind<std::rt::lang_start_internal::{closure_env#0}, isize> (panic.rs:359)
              n1: 0 0x13B15D: std::rt::lang_start_internal (rt.rs:171)
               n1: 0 0x127646: std::rt::lang_start (library/std/src/rt.rs:205)
                n0: 0 0x12551D: main (in /app/target/debug/demo)
 n1: 0 0x4914CD2: __pthread_attr_extension (pthread_attr_extension.c:28)
  n1: 0 0x4914FA7: pthread_attr_setaffinity_np@@GLIBC_2.32 (pthread_attr_setaffinity.c:45)
   n1: 0 0x4917FF9: pthread_getattr_np@@GLIBC_2.32 (pthread_getattr_np.c:194)
    n1: 0 0x13B15D: get_stack_start (stack_overflow.rs:372)
     n1: 0 0x13B15D: stack_start_aligned (stack_overflow.rs:389)
      n1: 0 0x13B15D: install_main_guard_linux (stack_overflow.rs:442)
       n1: 0 0x13B15D: install_main_guard (stack_overflow.rs:413)
        n1: 0 0x13B15D: init (stack_overflow.rs:155)
         n1: 0 0x13B15D: init (mod.rs:41)
          n1: 0 0x13B15D: init (rt.rs:118)
           n1: 0 0x13B15D: {closure#0} (rt.rs:173)
            n1: 0 0x13B15D: do_call<std::rt::lang_start_internal::{closure_env#0}, isize> (panicking.rs:581)
             n1: 0 0x13B15D: catch_unwind<isize, std::rt::lang_start_internal::{closure_env#0}> (panicking.rs:544)
              n1: 0 0x13B15D: catch_unwind<std::rt::lang_start_internal::{closure_env#0}, isize> (panic.rs:359)
               n1: 0 0x13B15D: std::rt::lang_start_internal (rt.rs:171)
                n1: 0 0x127646: std::rt::lang_start (library/std/src/rt.rs:205)
                 n0: 0 0x12551D: main (in /app/target/debug/demo)
 n1: 0 0x4914FC0: pthread_attr_setaffinity_np@@GLIBC_2.32 (pthread_attr_setaffinity.c:51)
  n1: 0 0x4917FF9: pthread_getattr_np@@GLIBC_2.32 (pthread_getattr_np.c:194)
   n1: 0 0x13B15D: get_stack_start (stack_overflow.rs:372)
    n1: 0 0x13B15D: stack_start_aligned (stack_overflow.rs:389)
     n1: 0 0x13B15D: install_main_guard_linux (stack_overflow.rs:442)
      n1: 0 0x13B15D: install_main_guard (stack_overflow.rs:413)
       n1: 0 0x13B15D: init (stack_overflow.rs:155)
        n1: 0 0x13B15D: init (mod.rs:41)
         n1: 0 0x13B15D: init (rt.rs:118)
          n1: 0 0x13B15D: {closure#0} (rt.rs:173)
           n1: 0 0x13B15D: do_call<std::rt::lang_start_internal::{closure_env#0}, isize> (panicking.rs:581)
            n1: 0 0x13B15D: catch_unwind<isize, std::rt::lang_start_internal::{closure_env#0}> (panicking.rs:544)
             n1: 0 0x13B15D: catch_unwind<std::rt::lang_start_internal::{closure_env#0}, isize> (panic.rs:359)
              n1: 0 0x13B15D: std::rt::lang_start_internal (rt.rs:171)
               n1: 0 0x127646: std::rt::lang_start (library/std/src/rt.rs:205)
                n0: 0 0x12551D: main (in /app/target/debug/demo)
 n1: 0 0x4917F81: pthread_getattr_np@@GLIBC_2.32 (pthread_getattr_np.c:180)
  n1: 0 0x13B15D: get_stack_start (stack_overflow.rs:372)
   n1: 0 0x13B15D: stack_start_aligned (stack_overflow.rs:389)
    n1: 0 0x13B15D: install_main_guard_linux (stack_overflow.rs:442)
     n1: 0 0x13B15D: install_main_guard (stack_overflow.rs:413)
      n1: 0 0x13B15D: init (stack_overflow.rs:155)
       n1: 0 0x13B15D: init (mod.rs:41)
        n1: 0 0x13B15D: init (rt.rs:118)
         n1: 0 0x13B15D: {closure#0} (rt.rs:173)
          n1: 0 0x13B15D: do_call<std::rt::lang_start_internal::{closure_env#0}, isize> (panicking.rs:581)
           n1: 0 0x13B15D: catch_unwind<isize, std::rt::lang_start_internal::{closure_env#0}> (panicking.rs:544)
            n1: 0 0x13B15D: catch_unwind<std::rt::lang_start_internal::{closure_env#0}, isize> (panic.rs:359)
             n1: 0 0x13B15D: std::rt::lang_start_internal (rt.rs:171)
              n1: 0 0x127646: std::rt::lang_start (library/std/src/rt.rs:205)
               n0: 0 0x12551D: main (in /app/target/debug/demo)
#-----------
snapshot=16
#-----------
time=317390
mem_heap_B=548
mem_heap_extra_B=28
mem_stacks_B=0
heap_tree=empty
#-----------
snapshot=17
#-----------
time=317871
mem_heap_B=800548
mem_heap_extra_B=36
mem_stacks_B=0
heap_tree=empty
#-----------
snapshot=18
#-----------
time=18318470
mem_heap_B=801572
mem_heap_extra_B=44
mem_stacks_B=0
heap_tree=empty
#-----------
snapshot=19
#-----------
time=18324321
mem_heap_B=801580
mem_heap_extra_B=60
mem_stacks_B=0
heap_tree=empty
#-----------
snapshot=20
#-----------
time=18327101
mem_heap_B=801588
mem_heap_extra_B=52
mem_stacks_B=0
heap_tree=empty
#-----------
snapshot=21
#-----------
time=18327952
mem_heap_B=801598
mem_heap_extra_B=66
mem_stacks_B=0
heap_tree=empty
#-----------
snapshot=22
#-----------
time=18328189
mem_heap_B=801598
mem_heap_extra_B=66
mem_stacks_B=0
heap_tree=detailed
n2: 801598 (heap allocation functions) malloc/new/new[], --alloc-fns, etc.
 n1: 800000 0x15FFB6: alloc::raw_vec::RawVecInner<A>::try_allocate_in (in /app/target/debug/demo)
  n1: 800000 0x127B07: alloc::raw_vec::RawVecInner<A>::with_capacity_in (library/alloc/src/raw_vec/mod.rs:418)
   n1: 800000 0x127019: with_capacity_in<i64, alloc::alloc::Global> (library/alloc/src/raw_vec/mod.rs:177)
    n1: 800000 0x127019: with_capacity_in<i64, alloc::alloc::Global> (library/alloc/src/vec/mod.rs:967)
     n1: 800000 0x127019: with_capacity<i64> (library/alloc/src/vec/mod.rs:526)
      n1: 800000 0x127019: <alloc::vec::Vec<T> as alloc::vec::spec_from_iter_nested::SpecFromIterNested<T,I>>::from_iter (library/alloc/src/vec/spec_from_iter_nested.rs:52)
       n1: 800000 0x1275F9: <alloc::vec::Vec<T> as alloc::vec::spec_from_iter::SpecFromIter<T,I>>::from_iter (library/alloc/src/vec/spec_from_iter.rs:33)
        n1: 800000 0x127583: <alloc::vec::Vec<T> as core::iter::traits::collect::FromIterator<T>>::from_iter (library/alloc/src/vec/mod.rs:3801)
         n1: 800000 0x125BA9: core::iter::traits::iterator::Iterator::collect (library/core/src/iter/traits/iterator.rs:2035)
          n1: 800000 0x12508F: demo::main (demo.rs:4)
           n1: 800000 0x1257AA: core::ops::function::FnOnce::call_once (library/core/src/ops/function.rs:250)
            n1: 800000 0x1279CD: std::sys::backtrace::__rust_begin_short_backtrace (library/std/src/sys/backtrace.rs:166)
             n1: 800000 0x127660: std::rt::lang_start::{{closure}} (library/std/src/rt.rs:206)
              n1: 800000 0x13B355: call_once<(), (dyn core::ops::function::Fn<(), Output=i32> + core::marker::Sync + core::panic::unwind_safe::RefUnwindSafe)> (function.rs:287)
               n1: 800000 0x13B355: do_call<&(dyn core::ops::function::Fn<(), Output=i32> + core::marker::Sync + core::panic::unwind_safe::RefUnwindSafe), i32> (panicking.rs:581)
                n1: 800000 0x13B355: catch_unwind<i32, &(dyn core::ops::function::Fn<(), Output=i32> + core::marker::Sync + core::panic::unwind_safe::RefUnwindSafe)> (panicking.rs:544)
                 n1: 800000 0x13B355: catch_unwind<&(dyn core::ops::function::Fn<(), Output=i32> + core::marker::Sync + core::panic::unwind_safe::RefUnwindSafe), i32> (panic.rs:359)
                  n1: 800000 0x13B355: {closure#0} (rt.rs:175)
                   n1: 800000 0x13B355: do_call<std::rt::lang_start_internal::{closure_env#0}, isize> (panicking.rs:581)
                    n1: 800000 0x13B355: catch_unwind<isize, std::rt::lang_start_internal::{closure_env#0}> (panicking.rs:544)
                     n1: 800000 0x13B355: catch_unwind<std::rt::lang_start_internal::{closure_env#0}, isize> (panic.rs:359)
                      n1: 800000 0x13B355: std::rt::lang_start_internal (rt.rs:171)
                       n1: 800000 0x127646: std::rt::lang_start (library/std/src/rt.rs:205)
                        n0: 800000 0x12551D: main (in /app/target/debug/demo)
 n0: 1598 in 13 places, all below massif's threshold (1.00%)
#-----------
snapshot=23
#-----------
time=18328189
mem_heap_B=801582
mem_heap_extra_B=58
mem_stacks_B=0
heap_tree=empty
#-----------
snapshot=24
#-----------
time=18329182
mem_heap_B=801572
mem_heap_extra_B=44
mem_stacks_B=0
heap_tree=empty
#-----------
snapshot=25
#-----------
time=9266660865
mem_heap_B=881572
mem_heap_extra_B=52
mem_stacks_B=0
heap_tree=empty
#-----------
snapshot=26
#-----------
time=9268861846
mem_heap_B=881604
mem_heap_extra_B=60
mem_stacks_B=0
heap_tree=empty
#-----------
snapshot=27
#-----------
time=9268864780
mem_heap_B=881636
mem_heap_extra_B=60
mem_stacks_B=0
heap_tree=empty
#-----------
snapshot=28
#-----------
time=9268870561
mem_heap_B=881700
mem_heap_extra_B=60
mem_stacks_B=0
heap_tree=empty
#-----------
snapshot=29
#-----------
time=9268890336
mem_heap_B=881828
mem_heap_extra_B=60
mem_stacks_B=0
heap_tree=empty
#-----------
snapshot=30
#-----------
time=9268968831
mem_heap_B=882084
mem_heap_extra_B=60
mem_stacks_B=0
heap_tree=empty
#-----------
snapshot=31
#-----------
time=9269276394
mem_heap_B=882596
mem_heap_extra_B=60
mem_stacks_B=0
heap_tree=empty
#-----------
snapshot=32
#-----------
time=9270484229
mem_heap_B=883620
mem_heap_extra_B=60
mem_stacks_B=0
heap_tree=detailed
n2: 883620 (heap allocation functions) malloc/new/new[], --alloc-fns, etc.
 n1: 880000 0x15FFB6: alloc::raw_vec::RawVecInner<A>::try_allocate_in (in /app/target/debug/demo)
  n2: 880000 0x127B07: alloc::raw_vec::RawVecInner<A>::with_capacity_in (library/alloc/src/raw_vec/mod.rs:418)
   n1: 800000 0x127019: with_capacity_in<i64, alloc::alloc::Global> (library/alloc/src/raw_vec/mod.rs:177)
    n1: 800000 0x127019: with_capacity_in<i64, alloc::alloc::Global> (library/alloc/src/vec/mod.rs:967)
     n1: 800000 0x127019: with_capacity<i64> (library/alloc/src/vec/mod.rs:526)
      n1: 800000 0x127019: <alloc::vec::Vec<T> as alloc::vec::spec_from_iter_nested::SpecFromIterNested<T,I>>::from_iter (library/alloc/src/vec/spec_from_iter_nested.rs:52)
       n1: 800000 0x1275F9: <alloc::vec::Vec<T> as alloc::vec::spec_from_iter::SpecFromIter<T,I>>::from_iter (library/alloc/src/vec/spec_from_iter.rs:33)
        n1: 800000 0x127583: <alloc::vec::Vec<T> as core::iter::traits::collect::FromIterator<T>>::from_iter (library/alloc/src/vec/mod.rs:3801)
         n1: 800000 0x125BA9: core::iter::traits::iterator::Iterator::collect (library/core/src/iter/traits/iterator.rs:2035)
          n1: 800000 0x12508F: demo::main (demo.rs:4)
           n1: 800000 0x1257AA: core::ops::function::FnOnce::call_once (library/core/src/ops/function.rs:250)
            n1: 800000 0x1279CD: std::sys::backtrace::__rust_begin_short_backtrace (library/std/src/sys/backtrace.rs:166)
             n1: 800000 0x127660: std::rt::lang_start::{{closure}} (library/std/src/rt.rs:206)
              n1: 800000 0x13B355: call_once<(), (dyn core::ops::function::Fn<(), Output=i32> + core::marker::Sync + core::panic::unwind_safe::RefUnwindSafe)> (function.rs:287)
               n1: 800000 0x13B355: do_call<&(dyn core::ops::function::Fn<(), Output=i32> + core::marker::Sync + core::panic::unwind_safe::RefUnwindSafe), i32> (panicking.rs:581)
                n1: 800000 0x13B355: catch_unwind<i32, &(dyn core::ops::function::Fn<(), Output=i32> + core::marker::Sync + core::panic::unwind_safe::RefUnwindSafe)> (panicking.rs:544)
                 n1: 800000 0x13B355: catch_unwind<&(dyn core::ops::function::Fn<(), Output=i32> + core::marker::Sync + core::panic::unwind_safe::RefUnwindSafe), i32> (panic.rs:359)
                  n1: 800000 0x13B355: {closure#0} (rt.rs:175)
                   n1: 800000 0x13B355: do_call<std::rt::lang_start_internal::{closure_env#0}, isize> (panicking.rs:581)
                    n1: 800000 0x13B355: catch_unwind<isize, std::rt::lang_start_internal::{closure_env#0}> (panicking.rs:544)
                     n1: 800000 0x13B355: catch_unwind<std::rt::lang_start_internal::{closure_env#0}, isize> (panic.rs:359)
                      n1: 800000 0x13B355: std::rt::lang_start_internal (rt.rs:171)
                       n1: 800000 0x127646: std::rt::lang_start (library/std/src/rt.rs:205)
                        n0: 800000 0x12551D: main (in /app/target/debug/demo)
   n1: 80000 0x126E5B: with_capacity_in<u64, alloc::alloc::Global> (library/alloc/src/raw_vec/mod.rs:177)
    n1: 80000 0x126E5B: with_capacity_in<u64, alloc::alloc::Global> (library/alloc/src/vec/mod.rs:967)
     n1: 80000 0x126E5B: with_capacity<u64> (library/alloc/src/vec/mod.rs:526)
      n1: 80000 0x126E5B: <alloc::vec::Vec<T> as alloc::vec::spec_from_iter_nested::SpecFromIterNested<T,I>>::from_iter (library/alloc/src/vec/spec_from_iter_nested.rs:52)
       n1: 80000 0x1275CC: <alloc::vec::Vec<T> as alloc::vec::spec_from_iter::SpecFromIter<T,I>>::from_iter (library/alloc/src/vec/spec_from_iter.rs:33)
        n1: 80000 0x127534: <alloc::vec::Vec<T> as core::iter::traits::collect::FromIterator<T>>::from_iter (library/alloc/src/vec/mod.rs:3801)
         n1: 80000 0x12685C: core::iter::traits::iterator::Iterator::collect (library/core/src/iter/traits/iterator.rs:2035)
          n1: 80000 0x125398: demo::main (demo.rs:16)
           n1: 80000 0x1257AA: core::ops::function::FnOnce::call_once (library/core/src/ops/function.rs:250)
            n1: 80000 0x1279CD: std::sys::backtrace::__rust_begin_short_backtrace (library/std/src/sys/backtrace.rs:166)
             n1: 80000 0x127660: std::rt::lang_start::{{closure}} (library/std/src/rt.rs:206)
              n1: 80000 0x13B355: call_once<(), (dyn core::ops::function::Fn<(), Output=i32> + core::marker::Sync + core::panic::unwind_safe::RefUnwindSafe)> (function.rs:287)
               n1: 80000 0x13B355: do_call<&(dyn core::ops::function::Fn<(), Output=i32> + core::marker::Sync + core::panic::unwind_safe::RefUnwindSafe), i32> (panicking.rs:581)
                n1: 80000 0x13B355: catch_unwind<i32, &(dyn core::ops::function::Fn<(), Output=i32> + core::marker::Sync + core::panic::unwind_safe::RefUnwindSafe)> (panicking.rs:544)
                 n1: 80000 0x13B355: catch_unwind<&(dyn core::ops::function::Fn<(), Output=i32> + core::marker::Sync + core::panic::unwind_safe::RefUnwindSafe), i32> (panic.rs:359)
                  n1: 80000 0x13B355: {closure#0} (rt.rs:175)
                   n1: 80000 0x13B355: do_call<std::rt::lang_start_internal::{closure_env#0}, isize> (panicking.rs:581)
                    n1: 80000 0x13B355: catch_unwind<isize, std::rt::lang_start_internal::{closure_env#0}> (panicking.rs:544)
                     n1: 80000 0x13B355: catch_unwind<std::rt::lang_start_internal::{closure_env#0}, isize> (panic.rs:359)
                      n1: 80000 0x13B355: std::rt::lang_start_internal (rt.rs:171)
                       n1: 80000 0x127646: std::rt::lang_start (library/std/src/rt.rs:205)
                        n0: 80000 0x12551D: main (in /app/target/debug/demo)
 n0: 3620 in 13 places, all below massif's threshold (1.00%)
#-----------
snapshot=33
#-----------
time=9275271296
mem_heap_B=885668
mem_heap_extra_B=60
mem_stacks_B=0
heap_tree=empty
#-----------
snapshot=34
#-----------
time=9294331579
mem_heap_B=889764
mem_heap_extra_B=60
mem_stacks_B=0
heap_tree=empty
#-----------
snapshot=35
#-----------
time=9370397302
mem_heap_B=897956
mem_heap_extra_B=60
mem_stacks_B=0
heap_tree=empty
#-----------
snapshot=36
#-----------
time=9674309937
mem_heap_B=914340
mem_heap_extra_B=60
mem_stacks_B=0
heap_tree=empty
#-----------
snapshot=37
#-----------
time=10889260524
mem_heap_B=947108
mem_heap_extra_B=60
mem_stacks_B=0
heap_tree=empty
#-----------
snapshot=38
#-----------
time=11682743937
mem_heap_B=947108
mem_heap_extra_B=60
mem_stacks_B=0
heap_tree=peak
n3: 947108 (heap allocation functions) malloc/new/new[], --alloc-fns, etc.
 n1: 880000 0x15FFB6: alloc::raw_vec::RawVecInner<A>::try_allocate_in (in /app/target/debug/demo)
  n2: 880000 0x127B07: alloc::raw_vec::RawVecInner<A>::with_capacity_in (library/alloc/src/raw_vec/mod.rs:418)
   n1: 800000 0x127019: with_capacity_in<i64, alloc::alloc::Global> (library/alloc/src/raw_vec/mod.rs:177)
    n1: 800000 0x127019: with_capacity_in<i64, alloc::alloc::Global> (library/alloc/src/vec/mod.rs:967)
     n1: 800000 0x127019: with_capacity<i64> (library/alloc/src/vec/mod.rs:526)
      n1: 800000 0x127019: <alloc::vec::Vec<T> as alloc::vec::spec_from_iter_nested::SpecFromIterNested<T,I>>::from_iter (library/alloc/src/vec/spec_from_iter_nested.rs:52)
       n1: 800000 0x1275F9: <alloc::vec::Vec<T> as alloc::vec::spec_from_iter::SpecFromIter<T,I>>::from_iter (library/alloc/src/vec/spec_from_iter.rs:33)
        n1: 800000 0x127583: <alloc::vec::Vec<T> as core::iter::traits::collect::FromIterator<T>>::from_iter (library/alloc/src/vec/mod.rs:3801)
         n1: 800000 0x125BA9: core::iter::traits::iterator::Iterator::collect (library/core/src/iter/traits/iterator.rs:2035)
          n1: 800000 0x12508F: demo::main (demo.rs:4)
           n1: 800000 0x1257AA: core::ops::function::FnOnce::call_once (library/core/src/ops/function.rs:250)
            n1: 800000 0x1279CD: std::sys::backtrace::__rust_begin_short_backtrace (library/std/src/sys/backtrace.rs:166)
             n1: 800000 0x127660: std::rt::lang_start::{{closure}} (library/std/src/rt.rs:206)
              n1: 800000 0x13B355: call_once<(), (dyn core::ops::function::Fn<(), Output=i32> + core::marker::Sync + core::panic::unwind_safe::RefUnwindSafe)> (function.rs:287)
               n1: 800000 0x13B355: do_call<&(dyn core::ops::function::Fn<(), Output=i32> + core::marker::Sync + core::panic::unwind_safe::RefUnwindSafe), i32> (panicking.rs:581)
                n1: 800000 0x13B355: catch_unwind<i32, &(dyn core::ops::function::Fn<(), Output=i32> + core::marker::Sync + core::panic::unwind_safe::RefUnwindSafe)> (panicking.rs:544)
                 n1: 800000 0x13B355: catch_unwind<&(dyn core::ops::function::Fn<(), Output=i32> + core::marker::Sync + core::panic::unwind_safe::RefUnwindSafe), i32> (panic.rs:359)
                  n1: 800000 0x13B355: {closure#0} (rt.rs:175)
                   n1: 800000 0x13B355: do_call<std::rt::lang_start_internal::{closure_env#0}, isize> (panicking.rs:581)
                    n1: 800000 0x13B355: catch_unwind<isize, std::rt::lang_start_internal::{closure_env#0}> (panicking.rs:544)
                     n1: 800000 0x13B355: catch_unwind<std::rt::lang_start_internal::{closure_env#0}, isize> (panic.rs:359)
                      n1: 800000 0x13B355: std::rt::lang_start_internal (rt.rs:171)
                       n1: 800000 0x127646: std::rt::lang_start (library/std/src/rt.rs:205)
                        n0: 800000 0x12551D: main (in /app/target/debug/demo)
   n1: 80000 0x126E5B: with_capacity_in<u64, alloc::alloc::Global> (library/alloc/src/raw_vec/mod.rs:177)
    n1: 80000 0x126E5B: with_capacity_in<u64, alloc::alloc::Global> (library/alloc/src/vec/mod.rs:967)
     n1: 80000 0x126E5B: with_capacity<u64> (library/alloc/src/vec/mod.rs:526)
      n1: 80000 0x126E5B: <alloc::vec::Vec<T> as alloc::vec::spec_from_iter_nested::SpecFromIterNested<T,I>>::from_iter (library/alloc/src/vec/spec_from_iter_nested.rs:52)
       n1: 80000 0x1275CC: <alloc::vec::Vec<T> as alloc::vec::spec_from_iter::SpecFromIter<T,I>>::from_iter (library/alloc/src/vec/spec_from_iter.rs:33)
        n1: 80000 0x127534: <alloc::vec::Vec<T> as core::iter::traits::collect::FromIterator<T>>::from_iter (library/alloc/src/vec/mod.rs:3801)
         n1: 80000 0x12685C: core::iter::traits::iterator::Iterator::collect (library/core/src/iter/traits/iterator.rs:2035)
          n1: 80000 0x125398: demo::main (demo.rs:16)
           n1: 80000 0x1257AA: core::ops::function::FnOnce::call_once (library/core/src/ops/function.rs:250)
            n1: 80000 0x1279CD: std::sys::backtrace::__rust_begin_short_backtrace (library/std/src/sys/backtrace.rs:166)
             n1: 80000 0x127660: std::rt::lang_start::{{closure}} (library/std/src/rt.rs:206)
              n1: 80000 0x13B355: call_once<(), (dyn core::ops::function::Fn<(), Output=i32> + core::marker::Sync + core::panic::unwind_safe::RefUnwindSafe)> (function.rs:287)
               n1: 80000 0x13B355: do_call<&(dyn core::ops::function::Fn<(), Output=i32> + core::marker::Sync + core::panic::unwind_safe::RefUnwindSafe), i32> (panicking.rs:581)
                n1: 80000 0x13B355: catch_unwind<i32, &(dyn core::ops::function::Fn<(), Output=i32> + core::marker::Sync + core::panic::unwind_safe::RefUnwindSafe)> (panicking.rs:544)
                 n1: 80000 0x13B355: catch_unwind<&(dyn core::ops::function::Fn<(), Output=i32> + core::marker::Sync + core::panic::unwind_safe::RefUnwindSafe), i32> (panic.rs:359)
                  n1: 80000 0x13B355: {closure#0} (rt.rs:175)
                   n1: 80000 0x13B355: do_call<std::rt::lang_start_internal::{closure_env#0}, isize> (panicking.rs:581)
                    n1: 80000 0x13B355: catch_unwind<isize, std::rt::lang_start_internal::{closure_env#0}> (panicking.rs:544)
                     n1: 80000 0x13B355: catch_unwind<std::rt::lang_start_internal::{closure_env#0}, isize> (panic.rs:359)
                      n1: 80000 0x13B355: std::rt::lang_start_internal (rt.rs:171)
                       n1: 80000 0x127646: std::rt::lang_start (library/std/src/rt.rs:205)
                        n0: 80000 0x12551D: main (in /app/target/debug/demo)
 n1: 65536 0x15FE3B: alloc::raw_vec::RawVecInner<A>::finish_grow (in /app/target/debug/demo)
  n2: 65536 0x15FEF9: alloc::raw_vec::RawVecInner<A>::grow_amortized (in /app/target/debug/demo)
   n1: 65536 0x127A6B: grow_one<alloc::alloc::Global> (library/alloc/src/raw_vec/mod.rs:476)
    n1: 65536 0x127A6B: alloc::raw_vec::RawVec<T,A>::grow_one (library/alloc/src/raw_vec/mod.rs:188)
     n1: 65536 0x128C7C: alloc::vec::Vec<T,A>::push_mut (library/alloc/src/vec/mod.rs:1034)
      n1: 65536 0x128B73: alloc::vec::Vec<T,A>::push (library/alloc/src/vec/mod.rs:994)
       n1: 65536 0x127DE9: broken_app::algo::slow_dedup (algo.rs:14)
        n1: 65536 0x1253FA: demo::main (demo.rs:17)
         n1: 65536 0x1257AA: core::ops::function::FnOnce::call_once (library/core/src/ops/function.rs:250)
          n1: 65536 0x1279CD: std::sys::backtrace::__rust_begin_short_backtrace (library/std/src/sys/backtrace.rs:166)
           n1: 65536 0x127660: std::rt::lang_start::{{closure}} (library/std/src/rt.rs:206)
            n1: 65536 0x13B355: call_once<(), (dyn core::ops::function::Fn<(), Output=i32> + core::marker::Sync + core::panic::unwind_safe::RefUnwindSafe)> (function.rs:287)
             n1: 65536 0x13B355: do_call<&(dyn core::ops::function::Fn<(), Output=i32> + core::marker::Sync + core::panic::unwind_safe::RefUnwindSafe), i32> (panicking.rs:581)
              n1: 65536 0x13B355: catch_unwind<i32, &(dyn core::ops::function::Fn<(), Output=i32> + core::marker::Sync + core::panic::unwind_safe::RefUnwindSafe)> (panicking.rs:544)
               n1: 65536 0x13B355: catch_unwind<&(dyn core::ops::function::Fn<(), Output=i32> + core::marker::Sync + core::panic::unwind_safe::RefUnwindSafe), i32> (panic.rs:359)
                n1: 65536 0x13B355: {closure#0} (rt.rs:175)
                 n1: 65536 0x13B355: do_call<std::rt::lang_start_internal::{closure_env#0}, isize> (panicking.rs:581)
                  n1: 65536 0x13B355: catch_unwind<isize, std::rt::lang_start_internal::{closure_env#0}> (panicking.rs:544)
                   n1: 65536 0x13B355: catch_unwind<std::rt::lang_start_internal::{closure_env#0}, isize> (panic.rs:359)
                    n1: 65536 0x13B355: std::rt::lang_start_internal (rt.rs:171)
                     n1: 65536 0x127646: std::rt::lang_start (library/std/src/rt.rs:205)
                      n0: 65536 0x12551D: main (in /app/target/debug/demo)
   n0: 0 in 1 place, below massif's threshold (1.00%)
 n0: 1572 in 12 places, all below massif's threshold (1.00%)
#-----------
snapshot=39
#-----------
time=11682743937
mem_heap_B=881572
mem_heap_extra_B=52
mem_stacks_B=0
heap_tree=empty
#-----------
snapshot=40
#-----------
time=11682744016
mem_heap_B=801572
mem_heap_extra_B=44
mem_stacks_B=0
heap_tree=empty
#-----------
snapshot=41
#-----------
time=11682744094
mem_heap_B=1572
mem_heap_extra_B=36
mem_stacks_B=0
heap_tree=empty
#-----------
snapshot=42
#-----------
time=11682744279
mem_heap_B=548
mem_heap_extra_B=28
mem_stacks_B=0
heap_tree=empty
#-----------
snapshot=43
#-----------
time=11682744677
mem_heap_B=544
mem_heap_extra_B=8
mem_stacks_B=0
heap_tree=empty
