desc: --massif-out-file=/app/target/massif_optimized.out
cmd: ./target/release/demo
time_unit: i
#-----------
snapshot=0
#-----------
time=0
mem_heap_B=0
mem_heap_extra_B=0
mem_stacks_B=0
heap_tree=empty
#-----------
snapshot=1
#-----------
time=206732
mem_heap_B=472
mem_heap_extra_B=16
mem_stacks_B=0
heap_tree=empty
#-----------
snapshot=2
#-----------
time=207430
mem_heap_B=1616
mem_heap_extra_B=40
mem_stacks_B=0
heap_tree=empty
#-----------
snapshot=3
#-----------
time=218568
mem_heap_B=1736
mem_heap_extra_B=32
mem_stacks_B=0
heap_tree=empty
#-----------
snapshot=4
#-----------
time=320163
mem_heap_B=1736
mem_heap_extra_B=32
mem_stacks_B=0
heap_tree=detailed
n4: 1736 (heap allocation functions) malloc/new/new[], --alloc-fns, etc.
 n1: 1024 0x48E68CB: _IO_file_doallocate (filedoalloc.c:101)
  n1: 1024 0x48F409F: _IO_doallocbuf (genops.c:347)
   n1: 1024 0x48F409F: _IO_doallocbuf (genops.c:342)
    n1: 1024 0x48F3203: _IO_file_underflow@@GLIBC_2.2.5 (fileops.c:485)
     n1: 1024 0x48E7E77: getdelim (iogetdelim.c:73)
      n1: 1024 0x48FB784: pthread_getattr_np@@GLIBC_2.32 (pthread_getattr_np.c:122)
       n1: 1024 0x12F51E: get_stack_start (stack_overflow.rs:331)
        n1: 1024 0x12F51E: stack_start_aligned (stack_overflow.rs:348)
         n1: 1024 0x12F51E: install_main_guard_linux (stack_overflow.rs:397)
          n1: 1024 0x12F51E: install_main_guard (stack_overflow.rs:372)
           n1: 1024 0x12F51E: init (stack_overflow.rs:132)
            n1: 1024 0x12F51E: init (mod.rs:48)
             n1: 1024 0x12F51E: init (rt.rs:107)
              n1: 1024 0x12F51E: {closure#0} (rt.rs:166)
               n1: 1024 0x12F51E: do_call<std::rt::lang_start_internal::{closure_env#0}, isize> (panicking.rs:589)
                n1: 1024 0x12F51E: try<isize, std::rt::lang_start_internal::{closure_env#0}> (panicking.rs:552)
                 n1: 1024 0x12F51E: catch_unwind<std::rt::lang_start_internal::{closure_env#0}, isize> (panic.rs:359)
                  n1: 1024 0x12F51E: std::rt::lang_start_internal (rt.rs:164)
                   n0: 1024 0x1112AB: main (in /app/target/release/demo)
 n1: 472 0x48E71FA: __fopen_internal (iofopen.c:65)
  n1: 472 0x48FB652: pthread_getattr_np@@GLIBC_2.32 (pthread_getattr_np.c:85)
   n1: 472 0x12F51E: get_stack_start (stack_overflow.rs:331)
    n1: 472 0x12F51E: stack_start_aligned (stack_overflow.rs:348)
     n1: 472 0x12F51E: install_main_guard_linux (stack_overflow.rs:397)
      n1: 472 0x12F51E: install_main_guard (stack_overflow.rs:372)
       n1: 472 0x12F51E: init (stack_overflow.rs:132)
        n1: 472 0x12F51E: init (mod.rs:48)
         n1: 472 0x12F51E: init (rt.rs:107)
          n1: 472 0x12F51E: {closure#0} (rt.rs:166)
           n1: 472 0x12F51E: do_call<std::rt::lang_start_internal::{closure_env#0}, isize> (panicking.rs:589)
            n1: 472 0x12F51E: try<isize, std::rt::lang_start_internal::{closure_env#0}> (panicking.rs:552)
             n1: 472 0x12F51E: catch_unwind<std::rt::lang_start_internal::{closure_env#0}, isize> (panic.rs:359)
              n1: 472 0x12F51E: std::rt::lang_start_internal (rt.rs:164)
               n0: 472 0x1112AB: main (in /app/target/release/demo)
 n1: 240 0x48E7CFC: getdelim (iogetdelim.c:102)
  n1: 240 0x48FB784: pthread_getattr_np@@GLIBC_2.32 (pthread_getattr_np.c:122)
   n1: 240 0x12F51E: get_stack_start (stack_overflow.rs:331)
    n1: 240 0x12F51E: stack_start_aligned (stack_overflow.rs:348)
     n1: 240 0x12F51E: install_main_guard_linux (stack_overflow.rs:397)
      n1: 240 0x12F51E: install_main_guard (stack_overflow.rs:372)
       n1: 240 0x12F51E: init (stack_overflow.rs:132)
        n1: 240 0x12F51E: init (mod.rs:48)
         n1: 240 0x12F51E: init (rt.rs:107)
          n1: 240 0x12F51E: {closure#0} (rt.rs:166)
           n1: 240 0x12F51E: do_call<std::rt::lang_start_internal::{closure_env#0}, isize> (panicking.rs:589)
            n1: 240 0x12F51E: try<isize, std::rt::lang_start_internal::{closure_env#0}> (panicking.rs:552)
             n1: 240 0x12F51E: catch_unwind<std::rt::lang_start_internal::{closure_env#0}, isize> (panic.rs:359)
              n1: 240 0x12F51E: std::rt::lang_start_internal (rt.rs:164)
               n0: 240 0x1112AB: main (in /app/target/release/demo)
 n0: 0 in 1 place, below massif's threshold (1.00%)
#-----------
snapshot=5
#-----------
time=320486
mem_heap_B=0
mem_heap_extra_B=0
mem_stacks_B=0
heap_tree=empty
#-----------
snapshot=6
#-----------
time=321226
mem_heap_B=32
mem_heap_extra_B=8
mem_stacks_B=0
heap_tree=empty
#-----------
snapshot=7
#-----------
time=322024
mem_heap_B=184
mem_heap_extra_B=24
mem_stacks_B=0
heap_tree=empty
#-----------
snapshot=8
#-----------
time=322838
mem_heap_B=800000
mem_heap_extra_B=8
mem_stacks_B=0
heap_tree=detailed
n2: 800000 (heap allocation functions) malloc/new/new[], --alloc-fns, etc.
 n1: 800000 0x110D89: alloc (alloc.rs:93)
  n1: 800000 0x110D89: alloc_impl (alloc.rs:188)
   n1: 800000 0x110D89: allocate (alloc.rs:249)
    n1: 800000 0x110D89: try_allocate_in<alloc::alloc::Global> (mod.rs:476)
     n1: 800000 0x110D89: with_capacity_in<alloc::alloc::Global> (mod.rs:422)
      n1: 800000 0x110D89: with_capacity_in<i64, alloc::alloc::Global> (mod.rs:190)
       n1: 800000 0x110D89: with_capacity_in<i64, alloc::alloc::Global> (mod.rs:815)
        n1: 800000 0x110D89: with_capacity<i64> (mod.rs:495)
         n1: 800000 0x110D89: from_iter<i64, core::ops::range::Range<i64>> (spec_from_iter_nested.rs:54)
          n1: 800000 0x110D89: from_iter<i64, core::ops::range::Range<i64>> (spec_from_iter.rs:34)
           n1: 800000 0x110D89: from_iter<i64, core::ops::range::Range<i64>> (mod.rs:3438)
            n1: 800000 0x110D89: collect<core::ops::range::Range<i64>, alloc::vec::Vec<i64, alloc::alloc::Global>> (iterator.rs:2001)
             n1: 800000 0x110D89: demo::main (demo.rs:4)
              n1: 800000 0x110D22: call_once<fn(), ()> (function.rs:250)
               n1: 800000 0x110D22: std::sys::backtrace::__rust_begin_short_backtrace (backtrace.rs:152)
                n1: 800000 0x110D18: std::rt::lang_start::{{closure}} (rt.rs:199)
                 n1: 800000 0x12F773: call_once<(), (dyn core::ops::function::Fn<(), Output=i32> + core::marker::Sync + core::panic::unwind_safe::RefUnwindSafe)> (function.rs:284)
                  n1: 800000 0x12F773: do_call<&(dyn core::ops::function::Fn<(), Output=i32> + core::marker::Sync + core::panic::unwind_safe::RefUnwindSafe), i32> (panicking.rs:589)
                   n1: 800000 0x12F773: try<i32, &(dyn core::ops::function::Fn<(), Output=i32> + core::marker::Sync + core::panic::unwind_safe::RefUnwindSafe)> (panicking.rs:552)
                    n1: 800000 0x12F773: catch_unwind<&(dyn core::ops::function::Fn<(), Output=i32> + core::marker::Sync + core::panic::unwind_safe::RefUnwindSafe), i32> (panic.rs:359)
                     n1: 800000 0x12F773: {closure#0} (rt.rs:168)
                      n1: 800000 0x12F773: do_call<std::rt::lang_start_internal::{closure_env#0}, isize> (panicking.rs:589)
                       n1: 800000 0x12F773: try<isize, std::rt::lang_start_internal::{closure_env#0}> (panicking.rs:552)
                        n1: 800000 0x12F773: catch_unwind<std::rt::lang_start_internal::{closure_env#0}, isize> (panic.rs:359)
                         n1: 800000 0x12F773: std::rt::lang_start_internal (rt.rs:164)
                          n0: 800000 0x1112AB: main (in /app/target/release/demo)
 n0: 0 in 7 places, all below massif's threshold (1.00%)
#-----------
snapshot=9
#-----------
time=960533
mem_heap_B=801024
mem_heap_extra_B=16
mem_stacks_B=0
heap_tree=empty
#-----------
snapshot=10
#-----------
time=962616
mem_heap_B=801032
mem_heap_extra_B=32
mem_stacks_B=0
heap_tree=empty
#-----------
snapshot=11
#-----------
time=963258
mem_heap_B=801034
mem_heap_extra_B=30
mem_stacks_B=0
heap_tree=empty
#-----------
snapshot=12
#-----------
time=964143
mem_heap_B=801024
mem_heap_extra_B=16
mem_stacks_B=0
heap_tree=empty
#-----------
snapshot=13
#-----------
time=965123
mem_heap_B=881024
mem_heap_extra_B=24
mem_stacks_B=0
heap_tree=empty
#-----------
snapshot=14
#-----------
time=983950
mem_heap_B=961024
mem_heap_extra_B=32
mem_stacks_B=0
heap_tree=empty
#-----------
snapshot=15
#-----------
time=1189923
mem_heap_B=961048
mem_heap_extra_B=48
mem_stacks_B=0
heap_tree=empty
#-----------
snapshot=16
#-----------
time=1190657
mem_heap_B=961224
mem_heap_extra_B=72
mem_stacks_B=0
heap_tree=empty
#-----------
snapshot=17
#-----------
time=1191839
mem_heap_B=961272
mem_heap_extra_B=80
mem_stacks_B=0
heap_tree=empty
#-----------
snapshot=18
#-----------
time=1191990
mem_heap_B=961352
mem_heap_extra_B=96
mem_stacks_B=0
heap_tree=empty
#-----------
snapshot=19
#-----------
time=1194427
mem_heap_B=961640
mem_heap_extra_B=104
mem_stacks_B=0
heap_tree=empty
#-----------
snapshot=20
#-----------
time=1195247
mem_heap_B=961688
mem_heap_extra_B=112
mem_stacks_B=0
heap_tree=empty
#-----------
snapshot=21
#-----------
time=1195830
mem_heap_B=962104
mem_heap_extra_B=144
mem_stacks_B=0
heap_tree=empty
#-----------
snapshot=22
#-----------
time=1196629
mem_heap_B=962136
mem_heap_extra_B=152
mem_stacks_B=0
heap_tree=empty
#-----------
snapshot=23
#-----------
time=1196876
mem_heap_B=962320
mem_heap_extra_B=176
mem_stacks_B=0
heap_tree=peak
n4: 962320 (heap allocation functions) malloc/new/new[], --alloc-fns, etc.
 n1: 800000 0x110D89: alloc (alloc.rs:93)
  n1: 800000 0x110D89: alloc_impl (alloc.rs:188)
   n1: 800000 0x110D89: allocate (alloc.rs:249)
    n1: 800000 0x110D89: try_allocate_in<alloc::alloc::Global> (mod.rs:476)
     n1: 800000 0x110D89: with_capacity_in<alloc::alloc::Global> (mod.rs:422)
      n1: 800000 0x110D89: with_capacity_in<i64, alloc::alloc::Global> (mod.rs:190)
       n1: 800000 0x110D89: with_capacity_in<i64, alloc::alloc::Global> (mod.rs:815)
        n1: 800000 0x110D89: with_capacity<i64> (mod.rs:495)
         n1: 800000 0x110D89: from_iter<i64, core::ops::range::Range<i64>> (spec_from_iter_nested.rs:54)
          n1: 800000 0x110D89: from_iter<i64, core::ops::range::Range<i64>> (spec_from_iter.rs:34)
           n1: 800000 0x110D89: from_iter<i64, core::ops::range::Range<i64>> (mod.rs:3438)
            n1: 800000 0x110D89: collect<core::ops::range::Range<i64>, alloc::vec::Vec<i64, alloc::alloc::Global>> (iterator.rs:2001)
             n1: 800000 0x110D89: demo::main (demo.rs:4)
              n1: 800000 0x110D22: call_once<fn(), ()> (function.rs:250)
               n1: 800000 0x110D22: std::sys::backtrace::__rust_begin_short_backtrace (backtrace.rs:152)
                n1: 800000 0x110D18: std::rt::lang_start::{{closure}} (rt.rs:199)
                 n1: 800000 0x12F773: call_once<(), (dyn core::ops::function::Fn<(), Output=i32> + core::marker::Sync + core::panic::unwind_safe::RefUnwindSafe)> (function.rs:284)
                  n1: 800000 0x12F773: do_call<&(dyn core::ops::function::Fn<(), Output=i32> + core::marker::Sync + core::panic::unwind_safe::RefUnwindSafe), i32> (panicking.rs:589)
                   n1: 800000 0x12F773: try<i32, &(dyn core::ops::function::Fn<(), Output=i32> + core::marker::Sync + core::panic::unwind_safe::RefUnwindSafe)> (panicking.rs:552)
                    n1: 800000 0x12F773: catch_unwind<&(dyn core::ops::function::Fn<(), Output=i32> + core::marker::Sync + core::panic::unwind_safe::RefUnwindSafe), i32> (panic.rs:359)
                     n1: 800000 0x12F773: {closure#0} (rt.rs:168)
                      n1: 800000 0x12F773: do_call<std::rt::lang_start_internal::{closure_env#0}, isize> (panicking.rs:589)
                       n1: 800000 0x12F773: try<isize, std::rt::lang_start_internal::{closure_env#0}> (panicking.rs:552)
                        n1: 800000 0x12F773: catch_unwind<std::rt::lang_start_internal::{closure_env#0}, isize> (panic.rs:359)
                         n1: 800000 0x12F773: std::rt::lang_start_internal (rt.rs:164)
                          n0: 800000 0x1112AB: main (in /app/target/release/demo)
 n1: 80000 0x111029: alloc (alloc.rs:93)
  n1: 80000 0x111029: alloc_impl (alloc.rs:188)
   n1: 80000 0x111029: allocate (alloc.rs:249)
    n1: 80000 0x111029: try_allocate_in<alloc::alloc::Global> (mod.rs:476)
     n1: 80000 0x111029: with_capacity_in<alloc::alloc::Global> (mod.rs:422)
      n1: 80000 0x111029: with_capacity_in<u64, alloc::alloc::Global> (mod.rs:190)
       n1: 80000 0x111029: with_capacity_in<u64, alloc::alloc::Global> (mod.rs:815)
        n1: 80000 0x111029: with_capacity<u64> (mod.rs:495)
         n1: 80000 0x111029: from_iter<u64, core::iter::adapters::flatten::FlatMap<core::ops::range::Range<u64>, [u64; 2], demo::main::{closure_env#0}>> (spec_from_iter_nested.rs:54)
          n1: 80000 0x111029: from_iter<u64, core::iter::adapters::flatten::FlatMap<core::ops::range::Range<u64>, [u64; 2], demo::main::{closure_env#0}>> (spec_from_iter.rs:34)
           n1: 80000 0x111029: from_iter<u64, core::iter::adapters::flatten::FlatMap<core::ops::range::Range<u64>, [u64; 2], demo::main::{closure_env#0}>> (mod.rs:3438)
            n1: 80000 0x111029: collect<core::iter::adapters::flatten::FlatMap<core::ops::range::Range<u64>, [u64; 2], demo::main::{closure_env#0}>, alloc::vec::Vec<u64, alloc::alloc::Global>> (iterator.rs:2001)
             n1: 80000 0x111029: demo::main (demo.rs:16)
              n1: 80000 0x110D22: call_once<fn(), ()> (function.rs:250)
               n1: 80000 0x110D22: std::sys::backtrace::__rust_begin_short_backtrace (backtrace.rs:152)
                n1: 80000 0x110D18: std::rt::lang_start::{{closure}} (rt.rs:199)
                 n1: 80000 0x12F773: call_once<(), (dyn core::ops::function::Fn<(), Output=i32> + core::marker::Sync + core::panic::unwind_safe::RefUnwindSafe)> (function.rs:284)
                  n1: 80000 0x12F773: do_call<&(dyn core::ops::function::Fn<(), Output=i32> + core::marker::Sync + core::panic::unwind_safe::RefUnwindSafe), i32> (panicking.rs:589)
                   n1: 80000 0x12F773: try<i32, &(dyn core::ops::function::Fn<(), Output=i32> + core::marker::Sync + core::panic::unwind_safe::RefUnwindSafe)> (panicking.rs:552)
                    n1: 80000 0x12F773: catch_unwind<&(dyn core::ops::function::Fn<(), Output=i32> + core::marker::Sync + core::panic::unwind_safe::RefUnwindSafe), i32> (panic.rs:359)
                     n1: 80000 0x12F773: {closure#0} (rt.rs:168)
                      n1: 80000 0x12F773: do_call<std::rt::lang_start_internal::{closure_env#0}, isize> (panicking.rs:589)
                       n1: 80000 0x12F773: try<isize, std::rt::lang_start_internal::{closure_env#0}> (panicking.rs:552)
                        n1: 80000 0x12F773: catch_unwind<std::rt::lang_start_internal::{closure_env#0}, isize> (panic.rs:359)
                         n1: 80000 0x12F773: std::rt::lang_start_internal (rt.rs:164)
                          n0: 80000 0x1112AB: main (in /app/target/release/demo)
 n1: 80000 0x113C13: UnknownInlinedFun (alloc.rs:93)
  n1: 80000 0x113C13: UnknownInlinedFun (alloc.rs:188)
   n1: 80000 0x113C13: UnknownInlinedFun (alloc.rs:249)
    n1: 80000 0x113C13: UnknownInlinedFun (mod.rs:476)
     n1: 80000 0x113C13: with_capacity_in<alloc::alloc::Global> (mod.rs:422)
      n1: 80000 0x113C13: with_capacity_in<u64, alloc::alloc::Global> (mod.rs:190)
       n1: 80000 0x113C13: with_capacity_in<u64, alloc::alloc::Global> (mod.rs:815)
        n1: 80000 0x113C13: with_capacity<u64> (mod.rs:495)
         n1: 80000 0x113C13: broken_app::algo::slow_dedup (algo.rs:35)
          n1: 80000 0x11108C: demo::main (demo.rs:17)
           n1: 80000 0x110D22: call_once<fn(), ()> (function.rs:250)
            n1: 80000 0x110D22: std::sys::backtrace::__rust_begin_short_backtrace (backtrace.rs:152)
             n1: 80000 0x110D18: std::rt::lang_start::{{closure}} (rt.rs:199)
              n1: 80000 0x12F773: call_once<(), (dyn core::ops::function::Fn<(), Output=i32> + core::marker::Sync + core::panic::unwind_safe::RefUnwindSafe)> (function.rs:284)
               n1: 80000 0x12F773: do_call<&(dyn core::ops::function::Fn<(), Output=i32> + core::marker::Sync + core::panic::unwind_safe::RefUnwindSafe), i32> (panicking.rs:589)
                n1: 80000 0x12F773: try<i32, &(dyn core::ops::function::Fn<(), Output=i32> + core::marker::Sync + core::panic::unwind_safe::RefUnwindSafe)> (panicking.rs:552)
                 n1: 80000 0x12F773: catch_unwind<&(dyn core::ops::function::Fn<(), Output=i32> + core::marker::Sync + core::panic::unwind_safe::RefUnwindSafe), i32> (panic.rs:359)
                  n1: 80000 0x12F773: {closure#0} (rt.rs:168)
                   n1: 80000 0x12F773: do_call<std::rt::lang_start_internal::{closure_env#0}, isize> (panicking.rs:589)
                    n1: 80000 0x12F773: try<isize, std::rt::lang_start_internal::{closure_env#0}> (panicking.rs:552)
                     n1: 80000 0x12F773: catch_unwind<std::rt::lang_start_internal::{closure_env#0}, isize> (panic.rs:359)
                      n1: 80000 0x12F773: std::rt::lang_start_internal (rt.rs:164)
                       n0: 80000 0x1112AB: main (in /app/target/release/demo)
 n0: 2320 in 19 places, all below massif's threshold (1.00%)
#-----------
snapshot=24
#-----------
time=1197538
mem_heap_B=962136
mem_heap_extra_B=152
mem_stacks_B=0
heap_tree=empty
#-----------
snapshot=25
#-----------
time=1200092
mem_heap_B=962072
mem_heap_extra_B=144
mem_stacks_B=0
heap_tree=empty
#-----------
snapshot=26
#-----------
time=1200377
mem_heap_B=962024
mem_heap_extra_B=128
mem_stacks_B=0
heap_tree=empty
#-----------
snapshot=27
#-----------
time=1201526
mem_heap_B=962056
mem_heap_extra_B=136
mem_stacks_B=0
heap_tree=empty
#-----------
snapshot=28
#-----------
time=1202350
mem_heap_B=962056
mem_heap_extra_B=136
mem_stacks_B=0
heap_tree=empty
#-----------
snapshot=29
#-----------
time=1204904
mem_heap_B=961992
mem_heap_extra_B=128
mem_stacks_B=0
heap_tree=empty
#-----------
snapshot=30
#-----------
time=1205189
mem_heap_B=961944
mem_heap_extra_B=112
mem_stacks_B=0
heap_tree=empty
#-----------
snapshot=31
#-----------
time=1206335
mem_heap_B=961992
mem_heap_extra_B=120
mem_stacks_B=0
heap_tree=empty
#-----------
snapshot=32
#-----------
time=1206918
mem_heap_B=962408
mem_heap_extra_B=168
mem_stacks_B=0
heap_tree=empty
#-----------
snapshot=33
#-----------
time=1207722
mem_heap_B=962456
mem_heap_extra_B=176
mem_stacks_B=0
heap_tree=empty
#-----------
snapshot=34
#-----------
time=1208305
mem_heap_B=962872
mem_heap_extra_B=224
mem_stacks_B=0
heap_tree=empty
#-----------
snapshot=35
#-----------
time=1209104
mem_heap_B=962904
mem_heap_extra_B=232
mem_stacks_B=0
heap_tree=empty
#-----------
snapshot=36
#-----------
time=1209465
mem_heap_B=962872
mem_heap_extra_B=224
mem_stacks_B=0
heap_tree=empty
#-----------
snapshot=37
#-----------
time=1209928
mem_heap_B=962904
mem_heap_extra_B=232
mem_stacks_B=0
heap_tree=empty
#-----------
snapshot=38
#-----------
time=1212482
mem_heap_B=962840
mem_heap_extra_B=224
mem_stacks_B=0
heap_tree=empty
#-----------
snapshot=39
#-----------
time=1212767
mem_heap_B=962792
mem_heap_extra_B=192
mem_stacks_B=0
heap_tree=empty
#-----------
snapshot=40
#-----------
time=1213916
mem_heap_B=962824
mem_heap_extra_B=200
mem_stacks_B=0
heap_tree=empty
#-----------
snapshot=41
#-----------
time=1214277
mem_heap_B=962792
mem_heap_extra_B=192
mem_stacks_B=0
heap_tree=empty
#-----------
snapshot=42
#-----------
time=1214740
mem_heap_B=962824
mem_heap_extra_B=200
mem_stacks_B=0
heap_tree=empty
#-----------
snapshot=43
#-----------
time=1217294
mem_heap_B=962760
mem_heap_extra_B=192
mem_stacks_B=0
heap_tree=empty
#-----------
snapshot=44
#-----------
time=1217579
mem_heap_B=962712
mem_heap_extra_B=160
mem_stacks_B=0
heap_tree=empty
#-----------
snapshot=45
#-----------
time=1218848
mem_heap_B=962664
mem_heap_extra_B=152
mem_stacks_B=0
heap_tree=empty
#-----------
snapshot=46
#-----------
time=1219522
mem_heap_B=962472
mem_heap_extra_B=120
mem_stacks_B=0
heap_tree=empty
#-----------
snapshot=47
#-----------
time=1220022
mem_heap_B=962232
mem_heap_extra_B=88
mem_stacks_B=0
heap_tree=empty
#-----------
snapshot=48
#-----------
time=1221023
mem_heap_B=962208
mem_heap_extra_B=72
mem_stacks_B=0
heap_tree=empty
#-----------
snapshot=49
#-----------
time=1221060
mem_heap_B=882208
mem_heap_extra_B=64
mem_stacks_B=0
heap_tree=empty
#-----------
snapshot=50
#-----------
time=1221129
mem_heap_B=2208
mem_heap_extra_B=48
mem_stacks_B=0
heap_tree=empty
#-----------
snapshot=51
#-----------
time=1221312
mem_heap_B=1184
mem_heap_extra_B=40
mem_stacks_B=0
heap_tree=detailed
n3: 1184 (heap allocation functions) malloc/new/new[], --alloc-fns, etc.
 n1: 1152 0x4010C62: calloc (rtld-malloc.h:44)
  n1: 1152 0x4010C62: allocate_dtv (dl-tls.c:401)
   n1: 1152 0x40116CD: _dl_allocate_tls (dl-tls.c:670)
    n1: 1152 0x48FADAE: allocate_stack (allocatestack.c:423)
     n1: 1152 0x48FADAE: pthread_create@@GLIBC_2.34 (pthread_create.c:650)
      n1: 1152 0x1376F3: std::sys::pal::unix::thread::Thread::new (thread.rs:76)
       n1: 1152 0x112117: spawn_unchecked_<broken_app::concurrency::race_increment::{closure_env#0}, ()> (mod.rs:598)
        n1: 1152 0x112117: std::thread::Builder::spawn_unchecked (mod.rs:467)
         n1: 1152 0x111B18: spawn<broken_app::concurrency::race_increment::{closure_env#0}, ()> (mod.rs:399)
          n1: 1152 0x111B18: spawn<broken_app::concurrency::race_increment::{closure_env#0}, ()> (mod.rs:729)
           n1: 1152 0x111B18: broken_app::concurrency::race_increment (concurrency.rs:12)
            n1: 1152 0x1110EC: demo::main (demo.rs:20)
             n1: 1152 0x110D22: call_once<fn(), ()> (function.rs:250)
              n1: 1152 0x110D22: std::sys::backtrace::__rust_begin_short_backtrace (backtrace.rs:152)
               n1: 1152 0x110D18: std::rt::lang_start::{{closure}} (rt.rs:199)
                n1: 1152 0x12F773: call_once<(), (dyn core::ops::function::Fn<(), Output=i32> + core::marker::Sync + core::panic::unwind_safe::RefUnwindSafe)> (function.rs:284)
                 n1: 1152 0x12F773: do_call<&(dyn core::ops::function::Fn<(), Output=i32> + core::marker::Sync + core::panic::unwind_safe::RefUnwindSafe), i32> (panicking.rs:589)
                  n1: 1152 0x12F773: try<i32, &(dyn core::ops::function::Fn<(), Output=i32> + core::marker::Sync + core::panic::unwind_safe::RefUnwindSafe)> (panicking.rs:552)
                   n1: 1152 0x12F773: catch_unwind<&(dyn core::ops::function::Fn<(), Output=i32> + core::marker::Sync + core::panic::unwind_safe::RefUnwindSafe), i32> (panic.rs:359)
                    n1: 1152 0x12F773: {closure#0} (rt.rs:168)
                     n1: 1152 0x12F773: do_call<std::rt::lang_start_internal::{closure_env#0}, isize> (panicking.rs:589)
                      n1: 1152 0x12F773: try<isize, std::rt::lang_start_internal::{closure_env#0}> (panicking.rs:552)
                       n1: 1152 0x12F773: catch_unwind<std::rt::lang_start_internal::{closure_env#0}, isize> (panic.rs:359)
                        n1: 1152 0x12F773: std::rt::lang_start_internal (rt.rs:164)
                         n0: 1152 0x1112AB: main (in /app/target/release/demo)
 n2: 32 0x48AF13E: __cxa_thread_atexit_impl (cxa_thread_atexit_impl.c:107)
  n1: 32 0x12FD04: initialize<core::cell::Cell<std::thread::spawnhook::SpawnHooks>> (eager.rs:47)
   n1: 32 0x12FD04: get<core::cell::Cell<std::thread::spawnhook::SpawnHooks>> (eager.rs:36)
    n1: 32 0x12FD04: {closure#0} (mod.rs:67)
     n1: 32 0x12FD04: call_once<std::thread::spawnhook::SPAWN_HOOKS::{constant#0}::{closure_env#0}, (core::option::Option<&mut core::option::Option<core::cell::Cell<std::thread::spawnhook::SpawnHooks>>>)> (function.rs:250)
      n1: 32 0x12FD04: try_with<core::cell::Cell<std::thread::spawnhook::SpawnHooks>, std::thread::spawnhook::run_spawn_hooks::{closure_env#0}, std::thread::spawnhook::SpawnHooks> (local.rs:314)
       n1: 32 0x12FD04: std::thread::spawnhook::run_spawn_hooks (spawnhook.rs:116)
        n1: 32 0x111FB5: spawn_unchecked_<broken_app::concurrency::race_increment::{closure_env#0}, ()> (mod.rs:507)
         n1: 32 0x111FB5: std::thread::Builder::spawn_unchecked (mod.rs:467)
          n1: 32 0x111B18: spawn<broken_app::concurrency::race_increment::{closure_env#0}, ()> (mod.rs:399)
           n1: 32 0x111B18: spawn<broken_app::concurrency::race_increment::{closure_env#0}, ()> (mod.rs:729)
            n1: 32 0x111B18: broken_app::concurrency::race_increment (concurrency.rs:12)
             n1: 32 0x1110EC: demo::main (demo.rs:20)
              n1: 32 0x110D22: call_once<fn(), ()> (function.rs:250)
               n1: 32 0x110D22: std::sys::backtrace::__rust_begin_short_backtrace (backtrace.rs:152)
                n1: 32 0x110D18: std::rt::lang_start::{{closure}} (rt.rs:199)
                 n1: 32 0x12F773: call_once<(), (dyn core::ops::function::Fn<(), Output=i32> + core::marker::Sync + core::panic::unwind_safe::RefUnwindSafe)> (function.rs:284)
                  n1: 32 0x12F773: do_call<&(dyn core::ops::function::Fn<(), Output=i32> + core::marker::Sync + core::panic::unwind_safe::RefUnwindSafe), i32> (panicking.rs:589)
                   n1: 32 0x12F773: try<i32, &(dyn core::ops::function::Fn<(), Output=i32> + core::marker::Sync + core::panic::unwind_safe::RefUnwindSafe)> (panicking.rs:552)
                    n1: 32 0x12F773: catch_unwind<&(dyn core::ops::function::Fn<(), Output=i32> + core::marker::Sync + core::panic::unwind_safe::RefUnwindSafe), i32> (panic.rs:359)
                     n1: 32 0x12F773: {closure#0} (rt.rs:168)
                      n1: 32 0x12F773: do_call<std::rt::lang_start_internal::{closure_env#0}, isize> (panicking.rs:589)
                       n1: 32 0x12F773: try<isize, std::rt::lang_start_internal::{closure_env#0}> (panicking.rs:552)
                        n1: 32 0x12F773: catch_unwind<std::rt::lang_start_internal::{closure_env#0}, isize> (panic.rs:359)
                         n1: 32 0x12F773: std::rt::lang_start_internal (rt.rs:164)
                          n0: 32 0x1112AB: main (in /app/target/release/demo)
  n0: 0 in 1 place, below massif's threshold (1.00%)
 n0: 0 in 20 places, all below massif's threshold (1.00%)
#-----------
snapshot=52
#-----------
time=1221623
mem_heap_B=1152
mem_heap_extra_B=32
mem_stacks_B=0
heap_tree=empty
#-----------
snapshot=53
#-----------
time=1226788
mem_heap_B=864
mem_heap_extra_B=24
mem_stacks_B=0
heap_tree=empty
#-----------
snapshot=54
#-----------
time=1227190
mem_heap_B=576
mem_heap_extra_B=16
mem_stacks_B=0
heap_tree=empty
#-----------
snapshot=55
#-----------
time=1227592
mem_heap_B=288
mem_heap_extra_B=8
mem_stacks_B=0
heap_tree=empty
#-----------
snapshot=56
#-----------
time=1227994
mem_heap_B=0
mem_heap_extra_B=0
mem_stacks_B=0
heap_tree=empty
