==1== Memcheck, a memory error detector
==1== Copyright (C) 2002-2024, and GNU GPL'd, by Julian Seward et al.
==1== Using Valgrind-3.24.0 and LibVEX; rerun with -h for copyright info
==1== Command: ./target/debug/demo
==1== 
sum_even: 6
non-zero bytes: 3
normalize: helloworld
fib(20): 6765
dedup: [1, 2, 3, 4]
==1== 
==1== HEAP SUMMARY:
==1==     in use at exit: 548 bytes in 2 blocks
==1==   total heap usage: 15 allocs, 13 frees, 3,714 bytes allocated
==1== 
==1== 4 bytes in 1 blocks are definitely lost in loss record 1 of 2
==1==    at 0x4844818: malloc (vg_replace_malloc.c:446)
==1==    by 0x15E706: alloc::raw_vec::RawVecInner<A>::try_allocate_in (in /app/target/debug/demo)
==1==    by 0x1261F7: alloc::raw_vec::RawVecInner<A>::with_capacity_in (library/alloc/src/raw_vec/mod.rs:418)
==1==    by 0x12B595: with_capacity_in<u8, alloc::alloc::Global> (library/alloc/src/raw_vec/mod.rs:177)
==1==    by 0x12B595: with_capacity_in<u8, alloc::alloc::Global> (library/alloc/src/vec/mod.rs:967)
==1==    by 0x12B595: <T as alloc::slice::<impl [T]>::to_vec_in::ConvertVec>::to_vec (library/alloc/src/slice.rs:447)
==1==    by 0x12B53B: to_vec_in<u8, alloc::alloc::Global> (library/alloc/src/slice.rs:400)
==1==    by 0x12B53B: alloc::slice::<impl [T]>::to_vec (library/alloc/src/slice.rs:376)
==1==    by 0x12B17C: broken_app::leak_buffer (lib.rs:23)
==1==    by 0x124649: demo::main (demo.rs:8)
==1==    by 0x12495A: core::ops::function::FnOnce::call_once (library/core/src/ops/function.rs:250)
==1==    by 0x124C2D: std::sys::backtrace::__rust_begin_short_backtrace (library/std/src/sys/backtrace.rs:166)
==1==    by 0x124B70: std::rt::lang_start::{{closure}} (library/std/src/rt.rs:206)
==1==    by 0x139AA5: call_once<(), (dyn core::ops::function::Fn<(), Output=i32> + core::marker::Sync + core::panic::unwind_safe::RefUnwindSafe)> (function.rs:287)
==1==    by 0x139AA5: do_call<&(dyn core::ops::function::Fn<(), Output=i32> + core::marker::Sync + core::panic::unwind_safe::RefUnwindSafe), i32> (panicking.rs:581)
==1==    by 0x139AA5: catch_unwind<i32, &(dyn core::ops::function::Fn<(), Output=i32> + core::marker::Sync + core::panic::unwind_safe::RefUnwindSafe)> (panicking.rs:544)
==1==    by 0x139AA5: catch_unwind<&(dyn core::ops::function::Fn<(), Output=i32> + core::marker::Sync + core::panic::unwind_safe::RefUnwindSafe), i32> (panic.rs:359)
==1==    by 0x139AA5: {closure#0} (rt.rs:175)
==1==    by 0x139AA5: do_call<std::rt::lang_start_internal::{closure_env#0}, isize> (panicking.rs:581)
==1==    by 0x139AA5: catch_unwind<isize, std::rt::lang_start_internal::{closure_env#0}> (panicking.rs:544)
==1==    by 0x139AA5: catch_unwind<std::rt::lang_start_internal::{closure_env#0}, isize> (panic.rs:359)
==1==    by 0x139AA5: std::rt::lang_start_internal (rt.rs:171)
==1==    by 0x124B56: std::rt::lang_start (library/std/src/rt.rs:205)
==1== 
==1== LEAK SUMMARY:
==1==    definitely lost: 4 bytes in 1 blocks
==1==    indirectly lost: 0 bytes in 0 blocks
==1==      possibly lost: 0 bytes in 0 blocks
==1==    still reachable: 544 bytes in 1 blocks
==1==         suppressed: 0 bytes in 0 blocks
==1== Reachable blocks (those to which a pointer was found) are not shown.
==1== To see them, rerun with: --leak-check=full --show-leak-kinds=all
==1== 
==1== For lists of detected and suppressed errors, rerun with: -s
==1== ERROR SUMMARY: 1 errors from 1 contexts (suppressed: 0 from 0)
