==1== Memcheck, a memory error detector
==1== Copyright (C) 2002-2024, and GNU GPL'd, by Julian Seward et al.
==1== Using Valgrind-3.24.0 and LibVEX; rerun with -h for copyright info
==1== Command: ./target/debug/demo
==1== 
sum_even: 6
non-zero bytes: 3
normalize: helloworld
fib(20): 6765
dedup: [1, 2, 3, 4]
==1== 
==1== HEAP SUMMARY:
==1==     in use at exit: 544 bytes in 1 blocks
==1==   total heap usage: 14 allocs, 13 frees, 3,710 bytes allocated
==1== 
==1== LEAK SUMMARY:
==1==    definitely lost: 0 bytes in 0 blocks
==1==    indirectly lost: 0 bytes in 0 blocks
==1==      possibly lost: 0 bytes in 0 blocks
==1==    still reachable: 544 bytes in 1 blocks
==1==         suppressed: 0 bytes in 0 blocks
==1== Reachable blocks (those to which a pointer was found) are not shown.
==1== To see them, rerun with: --leak-check=full --show-leak-kinds=all
==1== 
==1== For lists of detected and suppressed errors, rerun with: -s
==1== ERROR SUMMARY: 0 errors from 0 contexts (suppressed: 0 from 0)
